{"C:\\Users\\fel\\emma\\src\\core\\addon-enforcer.ts": {"path":"C:\\Users\\fel\\emma\\src\\core\\addon-enforcer.ts","statementMap":{"0":{"start":{"line":12,"column":14},"end":{"line":12,"column":null}},"1":{"start":{"line":13,"column":14},"end":{"line":13,"column":null}},"2":{"start":{"line":14,"column":2},"end":{"line":14,"column":null}},"3":{"start":{"line":14,"column":20},"end":{"line":14,"column":null}},"4":{"start":{"line":15,"column":2},"end":{"line":15,"column":null}},"5":{"start":{"line":38,"column":8},"end":{"line":38,"column":30}},"6":{"start":{"line":39,"column":25},"end":{"line":39,"column":null}},"7":{"start":{"line":42,"column":2},"end":{"line":49,"column":null}},"8":{"start":{"line":43,"column":4},"end":{"line":49,"column":null}},"9":{"start":{"line":53,"column":2},"end":{"line":54,"column":null}},"10":{"start":{"line":54,"column":4},"end":{"line":54,"column":null}},"11":{"start":{"line":58,"column":19},"end":{"line":58,"column":32}},"12":{"start":{"line":59,"column":2},"end":{"line":60,"column":null}},"13":{"start":{"line":60,"column":4},"end":{"line":60,"column":null}},"14":{"start":{"line":63,"column":21},"end":{"line":63,"column":72}},"15":{"start":{"line":65,"column":20},"end":{"line":69,"column":34}},"16":{"start":{"line":71,"column":15},"end":{"line":71,"column":null}},"17":{"start":{"line":73,"column":2},"end":{"line":80,"column":null}},"18":{"start":{"line":74,"column":4},"end":{"line":80,"column":null}},"19":{"start":{"line":83,"column":2},"end":{"line":83,"column":null}},"20":{"start":{"line":90,"column":19},"end":{"line":90,"column":32}},"21":{"start":{"line":91,"column":2},"end":{"line":91,"column":null}},"22":{"start":{"line":91,"column":17},"end":{"line":91,"column":null}},"23":{"start":{"line":93,"column":2},"end":{"line":99,"column":null}},"24":{"start":{"line":94,"column":4},"end":{"line":98,"column":null}},"25":{"start":{"line":105,"column":14},"end":{"line":105,"column":24}},"26":{"start":{"line":106,"column":2},"end":{"line":106,"column":null}}},"fnMap":{"0":{"name":"getSupabase","decl":{"start":{"line":11,"column":9},"end":{"line":11,"column":23}},"loc":{"start":{"line":11,"column":23},"end":{"line":15,"column":null}},"line":11},"1":{"name":"checkAutonomousAccess","decl":{"start":{"line":33,"column":22},"end":{"line":33,"column":null}},"loc":{"start":{"line":37,"column":25},"end":{"line":83,"column":null}},"line":37},"2":{"name":"consumeAutonomousAction","decl":{"start":{"line":89,"column":22},"end":{"line":89,"column":46}},"loc":{"start":{"line":89,"column":99},"end":{"line":99,"column":null}},"line":89},"3":{"name":"minutesUntilNextHour","decl":{"start":{"line":104,"column":9},"end":{"line":104,"column":40}},"loc":{"start":{"line":104,"column":40},"end":{"line":106,"column":null}},"line":104}},"branchMap":{"0":{"loc":{"start":{"line":14,"column":2},"end":{"line":14,"column":null}},"type":"if","locations":[{"start":{"line":14,"column":2},"end":{"line":14,"column":null}},{"start":{},"end":{}}],"line":14},"1":{"loc":{"start":{"line":14,"column":6},"end":{"line":14,"column":20}},"type":"binary-expr","locations":[{"start":{"line":14,"column":6},"end":{"line":14,"column":14}},{"start":{"line":14,"column":14},"end":{"line":14,"column":20}}],"line":14},"2":{"loc":{"start":{"line":36,"column":2},"end":{"line":36,"column":null}},"type":"default-arg","locations":[{"start":{"line":36,"column":57},"end":{"line":36,"column":null}}],"line":36},"3":{"loc":{"start":{"line":42,"column":2},"end":{"line":49,"column":null}},"type":"if","locations":[{"start":{"line":42,"column":2},"end":{"line":49,"column":null}},{"start":{},"end":{}}],"line":42},"4":{"loc":{"start":{"line":53,"column":2},"end":{"line":54,"column":null}},"type":"if","locations":[{"start":{"line":53,"column":2},"end":{"line":54,"column":null}},{"start":{},"end":{}}],"line":53},"5":{"loc":{"start":{"line":59,"column":2},"end":{"line":60,"column":null}},"type":"if","locations":[{"start":{"line":59,"column":2},"end":{"line":60,"column":null}},{"start":{},"end":{}}],"line":59},"6":{"loc":{"start":{"line":71,"column":15},"end":{"line":71,"column":null}},"type":"binary-expr","locations":[{"start":{"line":71,"column":15},"end":{"line":71,"column":24}},{"start":{"line":71,"column":24},"end":{"line":71,"column":null}}],"line":71},"7":{"loc":{"start":{"line":73,"column":2},"end":{"line":80,"column":null}},"type":"if","locations":[{"start":{"line":73,"column":2},"end":{"line":80,"column":null}},{"start":{},"end":{}}],"line":73},"8":{"loc":{"start":{"line":91,"column":2},"end":{"line":91,"column":null}},"type":"if","locations":[{"start":{"line":91,"column":2},"end":{"line":91,"column":null}},{"start":{},"end":{}}],"line":91}},"s":{"0":2,"1":2,"2":2,"3":2,"4":0,"5":3,"6":3,"7":3,"8":1,"9":2,"10":0,"11":2,"12":2,"13":2,"14":0,"15":0,"16":0,"17":3,"18":0,"19":0,"20":0,"21":0,"22":0,"23":0,"24":0,"25":0,"26":0},"f":{"0":2,"1":3,"2":0,"3":0},"b":{"0":[2,0],"1":[2,0],"2":[3],"3":[1,2],"4":[0,2],"5":[2,0],"6":[0,0],"7":[0,3],"8":[0,0]},"meta":{"lastBranch":9,"lastFunction":4,"lastStatement":27,"seen":{"f:11:9:11:23":0,"s:12:14:12:Infinity":0,"s:13:14:13:Infinity":1,"b:14:2:14:Infinity:undefined:undefined:undefined:undefined":0,"s:14:2:14:Infinity":2,"b:14:6:14:14:14:14:14:20":1,"s:14:20:14:Infinity":3,"s:15:2:15:Infinity":4,"f:33:22:33:Infinity":1,"b:36:57:36:Infinity":2,"s:38:8:38:30":5,"s:39:25:39:Infinity":6,"b:42:2:49:Infinity:undefined:undefined:undefined:undefined":3,"s:42:2:49:Infinity":7,"s:43:4:49:Infinity":8,"b:53:2:54:Infinity:undefined:undefined:undefined:undefined":4,"s:53:2:54:Infinity":9,"s:54:4:54:Infinity":10,"s:58:19:58:32":11,"b:59:2:60:Infinity:undefined:undefined:undefined:undefined":5,"s:59:2:60:Infinity":12,"s:60:4:60:Infinity":13,"s:63:21:63:72":14,"s:65:20:69:34":15,"s:71:15:71:Infinity":16,"b:71:15:71:24:71:24:71:Infinity":6,"b:73:2:80:Infinity:undefined:undefined:undefined:undefined":7,"s:73:2:80:Infinity":17,"s:74:4:80:Infinity":18,"s:83:2:83:Infinity":19,"f:89:22:89:46":2,"s:90:19:90:32":20,"b:91:2:91:Infinity:undefined:undefined:undefined:undefined":8,"s:91:2:91:Infinity":21,"s:91:17:91:Infinity":22,"s:93:2:99:Infinity":23,"s:94:4:98:Infinity":24,"f:104:9:104:40":3,"s:105:14:105:24":25,"s:106:2:106:Infinity":26}}}
,"C:\\Users\\fel\\emma\\src\\core\\agent-loop.ts": {"path":"C:\\Users\\fel\\emma\\src\\core\\agent-loop.ts","statementMap":{"0":{"start":{"line":73,"column":14},"end":{"line":73,"column":null}},"1":{"start":{"line":74,"column":14},"end":{"line":74,"column":null}},"2":{"start":{"line":75,"column":2},"end":{"line":75,"column":null}},"3":{"start":{"line":75,"column":20},"end":{"line":75,"column":null}},"4":{"start":{"line":76,"column":2},"end":{"line":76,"column":null}},"5":{"start":{"line":79,"column":21},"end":{"line":79,"column":null}},"6":{"start":{"line":92,"column":17},"end":{"line":92,"column":null}},"7":{"start":{"line":93,"column":2},"end":{"line":100,"column":null}},"8":{"start":{"line":94,"column":4},"end":{"line":100,"column":null}},"9":{"start":{"line":104,"column":23},"end":{"line":104,"column":null}},"10":{"start":{"line":105,"column":20},"end":{"line":105,"column":54}},"11":{"start":{"line":106,"column":2},"end":{"line":113,"column":null}},"12":{"start":{"line":107,"column":4},"end":{"line":113,"column":null}},"13":{"start":{"line":116,"column":19},"end":{"line":116,"column":32}},"14":{"start":{"line":117,"column":8},"end":{"line":117,"column":35}},"15":{"start":{"line":118,"column":21},"end":{"line":118,"column":64}},"16":{"start":{"line":119,"column":6},"end":{"line":119,"column":65}},"17":{"start":{"line":120,"column":35},"end":{"line":120,"column":37}},"18":{"start":{"line":121,"column":20},"end":{"line":121,"column":null}},"19":{"start":{"line":122,"column":22},"end":{"line":122,"column":null}},"20":{"start":{"line":123,"column":20},"end":{"line":123,"column":null}},"21":{"start":{"line":126,"column":25},"end":{"line":126,"column":51}},"22":{"start":{"line":129,"column":2},"end":{"line":136,"column":null}},"23":{"start":{"line":130,"column":4},"end":{"line":136,"column":null}},"24":{"start":{"line":140,"column":58},"end":{"line":144,"column":null}},"25":{"start":{"line":147,"column":2},"end":{"line":420,"column":null}},"26":{"start":{"line":147,"column":18},"end":{"line":147,"column":21}},"27":{"start":{"line":148,"column":4},"end":{"line":148,"column":null}},"28":{"start":{"line":148,"column":23},"end":{"line":148,"column":null}},"29":{"start":{"line":150,"column":22},"end":{"line":150,"column":32}},"30":{"start":{"line":152,"column":4},"end":{"line":420,"column":null}},"31":{"start":{"line":154,"column":18},"end":{"line":172,"column":null}},"32":{"start":{"line":175,"column":6},"end":{"line":187,"column":null}},"33":{"start":{"line":176,"column":20},"end":{"line":176,"column":36}},"34":{"start":{"line":177,"column":8},"end":{"line":186,"column":null}},"35":{"start":{"line":187,"column":8},"end":{"line":187,"column":null}},"36":{"start":{"line":190,"column":19},"end":{"line":190,"column":35}},"37":{"start":{"line":191,"column":26},"end":{"line":191,"column":null}},"38":{"start":{"line":192,"column":27},"end":{"line":192,"column":null}},"39":{"start":{"line":193,"column":6},"end":{"line":193,"column":null}},"40":{"start":{"line":196,"column":28},"end":{"line":196,"column":46}},"41":{"start":{"line":197,"column":23},"end":{"line":197,"column":null}},"42":{"start":{"line":199,"column":6},"end":{"line":394,"column":null}},"43":{"start":{"line":200,"column":8},"end":{"line":202,"column":null}},"44":{"start":{"line":202,"column":10},"end":{"line":202,"column":null}},"45":{"start":{"line":205,"column":8},"end":{"line":394,"column":null}},"46":{"start":{"line":206,"column":10},"end":{"line":206,"column":null}},"47":{"start":{"line":207,"column":27},"end":{"line":207,"column":null}},"48":{"start":{"line":208,"column":28},"end":{"line":208,"column":45}},"49":{"start":{"line":209,"column":25},"end":{"line":209,"column":null}},"50":{"start":{"line":211,"column":16},"end":{"line":211,"column":43}},"51":{"start":{"line":212,"column":10},"end":{"line":237,"column":null}},"52":{"start":{"line":214,"column":48},"end":{"line":223,"column":null}},"53":{"start":{"line":224,"column":12},"end":{"line":224,"column":null}},"54":{"start":{"line":226,"column":12},"end":{"line":226,"column":null}},"55":{"start":{"line":227,"column":12},"end":{"line":236,"column":null}},"56":{"start":{"line":237,"column":12},"end":{"line":237,"column":null}},"57":{"start":{"line":241,"column":16},"end":{"line":241,"column":69}},"58":{"start":{"line":247,"column":10},"end":{"line":257,"column":null}},"59":{"start":{"line":248,"column":12},"end":{"line":257,"column":null}},"60":{"start":{"line":249,"column":14},"end":{"line":257,"column":null}},"61":{"start":{"line":262,"column":10},"end":{"line":327,"column":null}},"62":{"start":{"line":264,"column":31},"end":{"line":270,"column":null}},"63":{"start":{"line":273,"column":48},"end":{"line":282,"column":null}},"64":{"start":{"line":283,"column":12},"end":{"line":283,"column":null}},"65":{"start":{"line":284,"column":12},"end":{"line":284,"column":null}},"66":{"start":{"line":287,"column":12},"end":{"line":295,"column":null}},"67":{"start":{"line":288,"column":14},"end":{"line":295,"column":null}},"68":{"start":{"line":299,"column":12},"end":{"line":308,"column":null}},"69":{"start":{"line":311,"column":12},"end":{"line":315,"column":null}},"70":{"start":{"line":318,"column":12},"end":{"line":318,"column":null}},"71":{"start":{"line":320,"column":12},"end":{"line":327,"column":null}},"72":{"start":{"line":331,"column":43},"end":{"line":335,"column":null}},"73":{"start":{"line":338,"column":10},"end":{"line":341,"column":null}},"74":{"start":{"line":339,"column":12},"end":{"line":339,"column":null}},"75":{"start":{"line":341,"column":12},"end":{"line":341,"column":null}},"76":{"start":{"line":345,"column":49},"end":{"line":345,"column":null}},"77":{"start":{"line":348,"column":10},"end":{"line":348,"column":null}},"78":{"start":{"line":349,"column":10},"end":{"line":349,"column":null}},"79":{"start":{"line":351,"column":46},"end":{"line":360,"column":null}},"80":{"start":{"line":361,"column":10},"end":{"line":361,"column":null}},"81":{"start":{"line":362,"column":10},"end":{"line":362,"column":null}},"82":{"start":{"line":365,"column":10},"end":{"line":374,"column":null}},"83":{"start":{"line":377,"column":10},"end":{"line":380,"column":null}},"84":{"start":{"line":378,"column":12},"end":{"line":378,"column":null}},"85":{"start":{"line":379,"column":12},"end":{"line":379,"column":null}},"86":{"start":{"line":380,"column":12},"end":{"line":380,"column":null}},"87":{"start":{"line":384,"column":10},"end":{"line":384,"column":null}},"88":{"start":{"line":385,"column":10},"end":{"line":394,"column":null}},"89":{"start":{"line":399,"column":6},"end":{"line":406,"column":null}},"90":{"start":{"line":400,"column":27},"end":{"line":403,"column":19}},"91":{"start":{"line":401,"column":30},"end":{"line":401,"column":48}},"92":{"start":{"line":402,"column":27},"end":{"line":402,"column":34}},"93":{"start":{"line":405,"column":8},"end":{"line":405,"column":null}},"94":{"start":{"line":406,"column":8},"end":{"line":406,"column":null}},"95":{"start":{"line":409,"column":6},"end":{"line":409,"column":null}},"96":{"start":{"line":410,"column":6},"end":{"line":419,"column":null}},"97":{"start":{"line":420,"column":6},"end":{"line":420,"column":null}},"98":{"start":{"line":425,"column":22},"end":{"line":429,"column":null}},"99":{"start":{"line":431,"column":4},"end":{"line":434,"column":null}},"100":{"start":{"line":436,"column":2},"end":{"line":446,"column":null}},"101":{"start":{"line":437,"column":4},"end":{"line":446,"column":null}},"102":{"start":{"line":450,"column":2},"end":{"line":450,"column":null}},"103":{"start":{"line":453,"column":2},"end":{"line":453,"column":null}},"104":{"start":{"line":458,"column":4},"end":{"line":458,"column":null}},"105":{"start":{"line":460,"column":2},"end":{"line":460,"column":null}},"106":{"start":{"line":461,"column":2},"end":{"line":461,"column":null}},"107":{"start":{"line":463,"column":2},"end":{"line":470,"column":null}},"108":{"start":{"line":483,"column":2},"end":{"line":483,"column":null}},"109":{"start":{"line":483,"column":17},"end":{"line":483,"column":null}},"110":{"start":{"line":486,"column":29},"end":{"line":497,"column":13}},"111":{"start":{"line":499,"column":2},"end":{"line":499,"column":null}},"112":{"start":{"line":499,"column":17},"end":{"line":499,"column":null}},"113":{"start":{"line":502,"column":29},"end":{"line":514,"column":13}},"114":{"start":{"line":516,"column":2},"end":{"line":516,"column":null}},"115":{"start":{"line":522,"column":2},"end":{"line":522,"column":null}},"116":{"start":{"line":522,"column":17},"end":{"line":522,"column":null}},"117":{"start":{"line":524,"column":2},"end":{"line":535,"column":null}}},"fnMap":{"0":{"name":"getSupabase","decl":{"start":{"line":72,"column":9},"end":{"line":72,"column":23}},"loc":{"start":{"line":72,"column":23},"end":{"line":76,"column":null}},"line":72},"1":{"name":"runAgentLoop","decl":{"start":{"line":91,"column":22},"end":{"line":91,"column":35}},"loc":{"start":{"line":91,"column":74},"end":{"line":470,"column":null}},"line":91},"2":{"name":"(anonymous_2)","decl":{"start":{"line":315,"column":14},"end":{"line":315,"column":26}},"loc":{"start":{"line":315,"column":26},"end":{"line":315,"column":29}},"line":315},"3":{"name":"(anonymous_3)","decl":{"start":{"line":318,"column":59},"end":{"line":318,"column":71}},"loc":{"start":{"line":318,"column":71},"end":{"line":318,"column":74}},"line":318},"4":{"name":"(anonymous_4)","decl":{"start":{"line":401,"column":11},"end":{"line":401,"column":19}},"loc":{"start":{"line":401,"column":30},"end":{"line":401,"column":48}},"line":401},"5":{"name":"(anonymous_5)","decl":{"start":{"line":402,"column":11},"end":{"line":402,"column":16}},"loc":{"start":{"line":402,"column":27},"end":{"line":402,"column":34}},"line":402},"6":{"name":"(anonymous_6)","decl":{"start":{"line":450,"column":49},"end":{"line":450,"column":61}},"loc":{"start":{"line":450,"column":61},"end":{"line":450,"column":64}},"line":450},"7":{"name":"(anonymous_7)","decl":{"start":{"line":453,"column":54},"end":{"line":453,"column":66}},"loc":{"start":{"line":453,"column":66},"end":{"line":453,"column":69}},"line":453},"8":{"name":"(anonymous_8)","decl":{"start":{"line":461,"column":54},"end":{"line":461,"column":66}},"loc":{"start":{"line":461,"column":66},"end":{"line":461,"column":69}},"line":461},"9":{"name":"createApproval","decl":{"start":{"line":475,"column":15},"end":{"line":475,"column":null}},"loc":{"start":{"line":482,"column":26},"end":{"line":516,"column":null}},"line":482},"10":{"name":"logAction","decl":{"start":{"line":521,"column":15},"end":{"line":521,"column":25}},"loc":{"start":{"line":521,"column":94},"end":{"line":535,"column":null}},"line":521}},"branchMap":{"0":{"loc":{"start":{"line":75,"column":2},"end":{"line":75,"column":null}},"type":"if","locations":[{"start":{"line":75,"column":2},"end":{"line":75,"column":null}},{"start":{},"end":{}}],"line":75},"1":{"loc":{"start":{"line":75,"column":6},"end":{"line":75,"column":20}},"type":"binary-expr","locations":[{"start":{"line":75,"column":6},"end":{"line":75,"column":14}},{"start":{"line":75,"column":14},"end":{"line":75,"column":20}}],"line":75},"2":{"loc":{"start":{"line":93,"column":2},"end":{"line":100,"column":null}},"type":"if","locations":[{"start":{"line":93,"column":2},"end":{"line":100,"column":null}},{"start":{},"end":{}}],"line":93},"3":{"loc":{"start":{"line":104,"column":23},"end":{"line":104,"column":null}},"type":"binary-expr","locations":[{"start":{"line":104,"column":23},"end":{"line":104,"column":40}},{"start":{"line":104,"column":40},"end":{"line":104,"column":null}}],"line":104},"4":{"loc":{"start":{"line":106,"column":2},"end":{"line":113,"column":null}},"type":"if","locations":[{"start":{"line":106,"column":2},"end":{"line":113,"column":null}},{"start":{},"end":{}}],"line":106},"5":{"loc":{"start":{"line":111,"column":39},"end":{"line":111,"column":93}},"type":"cond-expr","locations":[{"start":{"line":111,"column":76},"end":{"line":111,"column":86}},{"start":{"line":111,"column":86},"end":{"line":111,"column":93}}],"line":111},"6":{"loc":{"start":{"line":129,"column":2},"end":{"line":136,"column":null}},"type":"if","locations":[{"start":{"line":129,"column":2},"end":{"line":136,"column":null}},{"start":{},"end":{}}],"line":129},"7":{"loc":{"start":{"line":143,"column":50},"end":{"line":143,"column":null}},"type":"binary-expr","locations":[{"start":{"line":143,"column":50},"end":{"line":143,"column":66}},{"start":{"line":143,"column":66},"end":{"line":143,"column":null}}],"line":143},"8":{"loc":{"start":{"line":148,"column":4},"end":{"line":148,"column":null}},"type":"if","locations":[{"start":{"line":148,"column":4},"end":{"line":148,"column":null}},{"start":{},"end":{}}],"line":148},"9":{"loc":{"start":{"line":169,"column":16},"end":{"line":169,"column":null}},"type":"binary-expr","locations":[{"start":{"line":169,"column":16},"end":{"line":169,"column":41}},{"start":{"line":169,"column":41},"end":{"line":169,"column":null}}],"line":169},"10":{"loc":{"start":{"line":175,"column":6},"end":{"line":187,"column":null}},"type":"if","locations":[{"start":{"line":175,"column":6},"end":{"line":187,"column":null}},{"start":{},"end":{}}],"line":175},"11":{"loc":{"start":{"line":191,"column":26},"end":{"line":191,"column":null}},"type":"binary-expr","locations":[{"start":{"line":191,"column":26},"end":{"line":191,"column":54}},{"start":{"line":191,"column":54},"end":{"line":191,"column":null}}],"line":191},"12":{"loc":{"start":{"line":192,"column":27},"end":{"line":192,"column":null}},"type":"binary-expr","locations":[{"start":{"line":192,"column":27},"end":{"line":192,"column":56}},{"start":{"line":192,"column":56},"end":{"line":192,"column":null}}],"line":192},"13":{"loc":{"start":{"line":196,"column":28},"end":{"line":196,"column":46}},"type":"binary-expr","locations":[{"start":{"line":196,"column":28},"end":{"line":196,"column":44}},{"start":{"line":196,"column":44},"end":{"line":196,"column":46}}],"line":196},"14":{"loc":{"start":{"line":200,"column":8},"end":{"line":202,"column":null}},"type":"if","locations":[{"start":{"line":200,"column":8},"end":{"line":202,"column":null}},{"start":{},"end":{}}],"line":200},"15":{"loc":{"start":{"line":205,"column":8},"end":{"line":394,"column":null}},"type":"if","locations":[{"start":{"line":205,"column":8},"end":{"line":394,"column":null}},{"start":{},"end":{}}],"line":205},"16":{"loc":{"start":{"line":208,"column":28},"end":{"line":208,"column":45}},"type":"binary-expr","locations":[{"start":{"line":208,"column":28},"end":{"line":208,"column":43}},{"start":{"line":208,"column":43},"end":{"line":208,"column":45}}],"line":208},"17":{"loc":{"start":{"line":212,"column":10},"end":{"line":237,"column":null}},"type":"if","locations":[{"start":{"line":212,"column":10},"end":{"line":237,"column":null}},{"start":{},"end":{}}],"line":212},"18":{"loc":{"start":{"line":247,"column":10},"end":{"line":257,"column":null}},"type":"if","locations":[{"start":{"line":247,"column":10},"end":{"line":257,"column":null}},{"start":{},"end":{}}],"line":247},"19":{"loc":{"start":{"line":248,"column":12},"end":{"line":257,"column":null}},"type":"if","locations":[{"start":{"line":248,"column":12},"end":{"line":257,"column":null}},{"start":{},"end":{}}],"line":248},"20":{"loc":{"start":{"line":262,"column":10},"end":{"line":327,"column":null}},"type":"if","locations":[{"start":{"line":262,"column":10},"end":{"line":327,"column":null}},{"start":{},"end":{}}],"line":262},"21":{"loc":{"start":{"line":277,"column":44},"end":{"line":277,"column":66}},"type":"binary-expr","locations":[{"start":{"line":277,"column":44},"end":{"line":277,"column":58}},{"start":{"line":277,"column":58},"end":{"line":277,"column":66}}],"line":277},"22":{"loc":{"start":{"line":287,"column":12},"end":{"line":295,"column":null}},"type":"if","locations":[{"start":{"line":287,"column":12},"end":{"line":295,"column":null}},{"start":{},"end":{}}],"line":287},"23":{"loc":{"start":{"line":345,"column":49},"end":{"line":345,"column":null}},"type":"binary-expr","locations":[{"start":{"line":345,"column":49},"end":{"line":345,"column":81}},{"start":{"line":345,"column":81},"end":{"line":345,"column":null}}],"line":345},"24":{"loc":{"start":{"line":357,"column":20},"end":{"line":357,"column":null}},"type":"cond-expr","locations":[{"start":{"line":357,"column":41},"end":{"line":357,"column":55}},{"start":{"line":357,"column":55},"end":{"line":357,"column":null}}],"line":357},"25":{"loc":{"start":{"line":377,"column":10},"end":{"line":380,"column":null}},"type":"if","locations":[{"start":{"line":377,"column":10},"end":{"line":380,"column":null}},{"start":{},"end":{}}],"line":377},"26":{"loc":{"start":{"line":399,"column":6},"end":{"line":406,"column":null}},"type":"if","locations":[{"start":{"line":399,"column":6},"end":{"line":406,"column":null}},{"start":{},"end":{}}],"line":399},"27":{"loc":{"start":{"line":399,"column":10},"end":{"line":399,"column":58}},"type":"binary-expr","locations":[{"start":{"line":399,"column":10},"end":{"line":399,"column":25}},{"start":{"line":399,"column":25},"end":{"line":399,"column":58}}],"line":399},"28":{"loc":{"start":{"line":406,"column":22},"end":{"line":406,"column":null}},"type":"binary-expr","locations":[{"start":{"line":406,"column":22},"end":{"line":406,"column":36}},{"start":{"line":406,"column":36},"end":{"line":406,"column":null}}],"line":406},"29":{"loc":{"start":{"line":425,"column":22},"end":{"line":429,"column":null}},"type":"cond-expr","locations":[{"start":{"line":426,"column":6},"end":{"line":426,"column":null}},{"start":{"line":427,"column":6},"end":{"line":429,"column":null}}],"line":425},"30":{"loc":{"start":{"line":427,"column":6},"end":{"line":429,"column":null}},"type":"cond-expr","locations":[{"start":{"line":428,"column":8},"end":{"line":428,"column":null}},{"start":{"line":429,"column":8},"end":{"line":429,"column":null}}],"line":427},"31":{"loc":{"start":{"line":431,"column":4},"end":{"line":434,"column":null}},"type":"binary-expr","locations":[{"start":{"line":431,"column":4},"end":{"line":431,"column":null}},{"start":{"line":432,"column":5},"end":{"line":434,"column":null}}],"line":431},"32":{"loc":{"start":{"line":432,"column":5},"end":{"line":434,"column":null}},"type":"cond-expr","locations":[{"start":{"line":433,"column":8},"end":{"line":433,"column":null}},{"start":{"line":434,"column":8},"end":{"line":434,"column":null}}],"line":432},"33":{"loc":{"start":{"line":436,"column":2},"end":{"line":446,"column":null}},"type":"if","locations":[{"start":{"line":436,"column":2},"end":{"line":446,"column":null}},{"start":{},"end":{}}],"line":436},"34":{"loc":{"start":{"line":458,"column":4},"end":{"line":458,"column":null}},"type":"cond-expr","locations":[{"start":{"line":458,"column":42},"end":{"line":458,"column":53}},{"start":{"line":458,"column":53},"end":{"line":458,"column":null}}],"line":458},"35":{"loc":{"start":{"line":483,"column":2},"end":{"line":483,"column":null}},"type":"if","locations":[{"start":{"line":483,"column":2},"end":{"line":483,"column":null}},{"start":{},"end":{}}],"line":483},"36":{"loc":{"start":{"line":499,"column":2},"end":{"line":499,"column":null}},"type":"if","locations":[{"start":{"line":499,"column":2},"end":{"line":499,"column":null}},{"start":{},"end":{}}],"line":499},"37":{"loc":{"start":{"line":516,"column":9},"end":{"line":516,"column":null}},"type":"binary-expr","locations":[{"start":{"line":516,"column":9},"end":{"line":516,"column":25}},{"start":{"line":516,"column":25},"end":{"line":516,"column":null}}],"line":516},"38":{"loc":{"start":{"line":522,"column":2},"end":{"line":522,"column":null}},"type":"if","locations":[{"start":{"line":522,"column":2},"end":{"line":522,"column":null}},{"start":{},"end":{}}],"line":522},"39":{"loc":{"start":{"line":534,"column":18},"end":{"line":534,"column":null}},"type":"cond-expr","locations":[{"start":{"line":534,"column":56},"end":{"line":534,"column":80}},{"start":{"line":534,"column":83},"end":{"line":534,"column":null}}],"line":534}},"s":{"0":0,"1":0,"2":0,"3":0,"4":0,"5":0,"6":0,"7":0,"8":0,"9":0,"10":0,"11":0,"12":0,"13":0,"14":0,"15":0,"16":0,"17":0,"18":0,"19":0,"20":0,"21":0,"22":0,"23":0,"24":0,"25":0,"26":0,"27":0,"28":0,"29":0,"30":0,"31":0,"32":0,"33":0,"34":0,"35":0,"36":0,"37":0,"38":0,"39":0,"40":0,"41":0,"42":0,"43":0,"44":0,"45":0,"46":0,"47":0,"48":0,"49":0,"50":0,"51":0,"52":0,"53":0,"54":0,"55":0,"56":0,"57":0,"58":0,"59":0,"60":0,"61":0,"62":0,"63":0,"64":0,"65":0,"66":0,"67":0,"68":0,"69":0,"70":0,"71":0,"72":0,"73":0,"74":0,"75":0,"76":0,"77":0,"78":0,"79":0,"80":0,"81":0,"82":0,"83":0,"84":0,"85":0,"86":0,"87":0,"88":0,"89":0,"90":0,"91":0,"92":0,"93":0,"94":0,"95":0,"96":0,"97":0,"98":0,"99":0,"100":0,"101":0,"102":0,"103":0,"104":0,"105":0,"106":0,"107":0,"108":0,"109":0,"110":0,"111":0,"112":0,"113":0,"114":0,"115":0,"116":0,"117":0},"f":{"0":0,"1":0,"2":0,"3":0,"4":0,"5":0,"6":0,"7":0,"8":0,"9":0,"10":0},"b":{"0":[0,0],"1":[0,0],"2":[0,0],"3":[0,0],"4":[0,0],"5":[0,0],"6":[0,0],"7":[0,0],"8":[0,0],"9":[0,0],"10":[0,0],"11":[0,0],"12":[0,0],"13":[0,0],"14":[0,0],"15":[0,0],"16":[0,0],"17":[0,0],"18":[0,0],"19":[0,0],"20":[0,0],"21":[0,0],"22":[0,0],"23":[0,0],"24":[0,0],"25":[0,0],"26":[0,0],"27":[0,0],"28":[0,0],"29":[0,0],"30":[0,0],"31":[0,0],"32":[0,0],"33":[0,0],"34":[0,0],"35":[0,0],"36":[0,0],"37":[0,0],"38":[0,0],"39":[0,0]},"meta":{"lastBranch":40,"lastFunction":11,"lastStatement":118,"seen":{"f:72:9:72:23":0,"s:73:14:73:Infinity":0,"s:74:14:74:Infinity":1,"b:75:2:75:Infinity:undefined:undefined:undefined:undefined":0,"s:75:2:75:Infinity":2,"b:75:6:75:14:75:14:75:20":1,"s:75:20:75:Infinity":3,"s:76:2:76:Infinity":4,"s:79:21:79:Infinity":5,"f:91:22:91:35":1,"s:92:17:92:Infinity":6,"b:93:2:100:Infinity:undefined:undefined:undefined:undefined":2,"s:93:2:100:Infinity":7,"s:94:4:100:Infinity":8,"s:104:23:104:Infinity":9,"b:104:23:104:40:104:40:104:Infinity":3,"s:105:20:105:54":10,"b:106:2:113:Infinity:undefined:undefined:undefined:undefined":4,"s:106:2:113:Infinity":11,"s:107:4:113:Infinity":12,"b:111:76:111:86:111:86:111:93":5,"s:116:19:116:32":13,"s:117:8:117:35":14,"s:118:21:118:64":15,"s:119:6:119:65":16,"s:120:35:120:37":17,"s:121:20:121:Infinity":18,"s:122:22:122:Infinity":19,"s:123:20:123:Infinity":20,"s:126:25:126:51":21,"b:129:2:136:Infinity:undefined:undefined:undefined:undefined":6,"s:129:2:136:Infinity":22,"s:130:4:136:Infinity":23,"s:140:58:144:Infinity":24,"b:143:50:143:66:143:66:143:Infinity":7,"s:147:2:420:Infinity":25,"s:147:18:147:21":26,"b:148:4:148:Infinity:undefined:undefined:undefined:undefined":8,"s:148:4:148:Infinity":27,"s:148:23:148:Infinity":28,"s:150:22:150:32":29,"s:152:4:420:Infinity":30,"s:154:18:172:Infinity":31,"b:169:16:169:41:169:41:169:Infinity":9,"b:175:6:187:Infinity:undefined:undefined:undefined:undefined":10,"s:175:6:187:Infinity":32,"s:176:20:176:36":33,"s:177:8:186:Infinity":34,"s:187:8:187:Infinity":35,"s:190:19:190:35":36,"s:191:26:191:Infinity":37,"b:191:26:191:54:191:54:191:Infinity":11,"s:192:27:192:Infinity":38,"b:192:27:192:56:192:56:192:Infinity":12,"s:193:6:193:Infinity":39,"s:196:28:196:46":40,"b:196:28:196:44:196:44:196:46":13,"s:197:23:197:Infinity":41,"s:199:6:394:Infinity":42,"b:200:8:202:Infinity:undefined:undefined:undefined:undefined":14,"s:200:8:202:Infinity":43,"s:202:10:202:Infinity":44,"b:205:8:394:Infinity:undefined:undefined:undefined:undefined":15,"s:205:8:394:Infinity":45,"s:206:10:206:Infinity":46,"s:207:27:207:Infinity":47,"s:208:28:208:45":48,"b:208:28:208:43:208:43:208:45":16,"s:209:25:209:Infinity":49,"s:211:16:211:43":50,"b:212:10:237:Infinity:undefined:undefined:undefined:undefined":17,"s:212:10:237:Infinity":51,"s:214:48:223:Infinity":52,"s:224:12:224:Infinity":53,"s:226:12:226:Infinity":54,"s:227:12:236:Infinity":55,"s:237:12:237:Infinity":56,"s:241:16:241:69":57,"b:247:10:257:Infinity:undefined:undefined:undefined:undefined":18,"s:247:10:257:Infinity":58,"b:248:12:257:Infinity:undefined:undefined:undefined:undefined":19,"s:248:12:257:Infinity":59,"s:249:14:257:Infinity":60,"b:262:10:327:Infinity:undefined:undefined:undefined:undefined":20,"s:262:10:327:Infinity":61,"s:264:31:270:Infinity":62,"s:273:48:282:Infinity":63,"b:277:44:277:58:277:58:277:66":21,"s:283:12:283:Infinity":64,"s:284:12:284:Infinity":65,"b:287:12:295:Infinity:undefined:undefined:undefined:undefined":22,"s:287:12:295:Infinity":66,"s:288:14:295:Infinity":67,"s:299:12:308:Infinity":68,"s:311:12:315:Infinity":69,"f:315:14:315:26":2,"s:318:12:318:Infinity":70,"f:318:59:318:71":3,"s:320:12:327:Infinity":71,"s:331:43:335:Infinity":72,"s:338:10:341:Infinity":73,"s:339:12:339:Infinity":74,"s:341:12:341:Infinity":75,"s:345:49:345:Infinity":76,"b:345:49:345:81:345:81:345:Infinity":23,"s:348:10:348:Infinity":77,"s:349:10:349:Infinity":78,"s:351:46:360:Infinity":79,"b:357:41:357:55:357:55:357:Infinity":24,"s:361:10:361:Infinity":80,"s:362:10:362:Infinity":81,"s:365:10:374:Infinity":82,"b:377:10:380:Infinity:undefined:undefined:undefined:undefined":25,"s:377:10:380:Infinity":83,"s:378:12:378:Infinity":84,"s:379:12:379:Infinity":85,"s:380:12:380:Infinity":86,"s:384:10:384:Infinity":87,"s:385:10:394:Infinity":88,"b:399:6:406:Infinity:undefined:undefined:undefined:undefined":26,"s:399:6:406:Infinity":89,"b:399:10:399:25:399:25:399:58":27,"s:400:27:403:19":90,"f:401:11:401:19":4,"s:401:30:401:48":91,"f:402:11:402:16":5,"s:402:27:402:34":92,"s:405:8:405:Infinity":93,"s:406:8:406:Infinity":94,"b:406:22:406:36:406:36:406:Infinity":28,"s:409:6:409:Infinity":95,"s:410:6:419:Infinity":96,"s:420:6:420:Infinity":97,"s:425:22:429:Infinity":98,"b:426:6:426:Infinity:427:6:429:Infinity":29,"b:428:8:428:Infinity:429:8:429:Infinity":30,"s:431:4:434:Infinity":99,"b:431:4:431:Infinity:432:5:434:Infinity":31,"b:433:8:433:Infinity:434:8:434:Infinity":32,"b:436:2:446:Infinity:undefined:undefined:undefined:undefined":33,"s:436:2:446:Infinity":100,"s:437:4:446:Infinity":101,"s:450:2:450:Infinity":102,"f:450:49:450:61":6,"s:453:2:453:Infinity":103,"f:453:54:453:66":7,"s:458:4:458:Infinity":104,"b:458:42:458:53:458:53:458:Infinity":34,"s:460:2:460:Infinity":105,"s:461:2:461:Infinity":106,"f:461:54:461:66":8,"s:463:2:470:Infinity":107,"f:475:15:475:Infinity":9,"b:483:2:483:Infinity:undefined:undefined:undefined:undefined":35,"s:483:2:483:Infinity":108,"s:483:17:483:Infinity":109,"s:486:29:497:13":110,"b:499:2:499:Infinity:undefined:undefined:undefined:undefined":36,"s:499:2:499:Infinity":111,"s:499:17:499:Infinity":112,"s:502:29:514:13":113,"s:516:2:516:Infinity":114,"b:516:9:516:25:516:25:516:Infinity":37,"f:521:15:521:25":10,"b:522:2:522:Infinity:undefined:undefined:undefined:undefined":38,"s:522:2:522:Infinity":115,"s:522:17:522:Infinity":116,"s:524:2:535:Infinity":117,"b:534:56:534:80:534:83:534:Infinity":39}}}
,"C:\\Users\\fel\\emma\\src\\core\\autonomy-engine.ts": {"path":"C:\\Users\\fel\\emma\\src\\core\\autonomy-engine.ts","statementMap":{"0":{"start":{"line":30,"column":15},"end":{"line":30,"column":null}},"1":{"start":{"line":31,"column":15},"end":{"line":36,"column":null}},"2":{"start":{"line":38,"column":2},"end":{"line":74,"column":null}},"3":{"start":{"line":40,"column":6},"end":{"line":47,"column":null}},"4":{"start":{"line":50,"column":6},"end":{"line":61,"column":null}},"5":{"start":{"line":64,"column":6},"end":{"line":74,"column":null}},"6":{"start":{"line":82,"column":2},"end":{"line":82,"column":null}},"7":{"start":{"line":93,"column":2},"end":{"line":102,"column":null}},"8":{"start":{"line":109,"column":2},"end":{"line":119,"column":null}}},"fnMap":{"0":{"name":"buildTierNotification","decl":{"start":{"line":26,"column":16},"end":{"line":26,"column":null}},"loc":{"start":{"line":29,"column":20},"end":{"line":74,"column":null}},"line":29},"1":{"name":"shouldAutoExecute","decl":{"start":{"line":81,"column":16},"end":{"line":81,"column":34}},"loc":{"start":{"line":81,"column":61},"end":{"line":82,"column":null}},"line":81},"2":{"name":"buildSystemNotification","decl":{"start":{"line":88,"column":16},"end":{"line":88,"column":null}},"loc":{"start":{"line":92,"column":20},"end":{"line":102,"column":null}},"line":92},"3":{"name":"buildAnomalyNotification","decl":{"start":{"line":108,"column":16},"end":{"line":108,"column":41}},"loc":{"start":{"line":108,"column":76},"end":{"line":119,"column":null}},"line":108}},"branchMap":{"0":{"loc":{"start":{"line":38,"column":2},"end":{"line":74,"column":null}},"type":"switch","locations":[{"start":{"line":39,"column":4},"end":{"line":47,"column":null}},{"start":{"line":49,"column":4},"end":{"line":61,"column":null}},{"start":{"line":63,"column":4},"end":{"line":74,"column":null}}],"line":38},"1":{"loc":{"start":{"line":101,"column":16},"end":{"line":101,"column":null}},"type":"binary-expr","locations":[{"start":{"line":101,"column":16},"end":{"line":101,"column":30}},{"start":{"line":101,"column":30},"end":{"line":101,"column":null}}],"line":101}},"s":{"0":0,"1":0,"2":0,"3":0,"4":0,"5":0,"6":0,"7":0,"8":0},"f":{"0":0,"1":0,"2":0,"3":0},"b":{"0":[0,0,0],"1":[0,0]},"meta":{"lastBranch":2,"lastFunction":4,"lastStatement":9,"seen":{"f:26:16:26:Infinity":0,"s:30:15:30:Infinity":0,"s:31:15:36:Infinity":1,"b:39:4:47:Infinity:49:4:61:Infinity:63:4:74:Infinity":0,"s:38:2:74:Infinity":2,"s:40:6:47:Infinity":3,"s:50:6:61:Infinity":4,"s:64:6:74:Infinity":5,"f:81:16:81:34":1,"s:82:2:82:Infinity":6,"f:88:16:88:Infinity":2,"s:93:2:102:Infinity":7,"b:101:16:101:30:101:30:101:Infinity":1,"f:108:16:108:41":3,"s:109:2:119:Infinity":8}}}
,"C:\\Users\\fel\\emma\\src\\core\\avatar-engine.ts": {"path":"C:\\Users\\fel\\emma\\src\\core\\avatar-engine.ts","statementMap":{"0":{"start":{"line":1,"column":0},"end":{"line":1,"column":null}},"1":{"start":{"line":8,"column":72},"end":{"line":19,"column":null}},"2":{"start":{"line":21,"column":27},"end":{"line":21,"column":null}},"3":{"start":{"line":22,"column":26},"end":{"line":22,"column":null}},"4":{"start":{"line":23,"column":22},"end":{"line":23,"column":null}},"5":{"start":{"line":26,"column":18},"end":{"line":26,"column":null}},"6":{"start":{"line":27,"column":18},"end":{"line":27,"column":null}},"7":{"start":{"line":28,"column":21},"end":{"line":28,"column":null}},"8":{"start":{"line":29,"column":23},"end":{"line":29,"column":null}},"9":{"start":{"line":30,"column":23},"end":{"line":30,"column":null}},"10":{"start":{"line":50,"column":37},"end":{"line":59,"column":null}},"11":{"start":{"line":62,"column":16},"end":{"line":62,"column":63}},"12":{"start":{"line":62,"column":47},"end":{"line":62,"column":61}},"13":{"start":{"line":63,"column":13},"end":{"line":63,"column":null}},"14":{"start":{"line":64,"column":2},"end":{"line":66,"column":null}},"15":{"start":{"line":65,"column":4},"end":{"line":65,"column":null}},"16":{"start":{"line":66,"column":4},"end":{"line":66,"column":null}},"17":{"start":{"line":66,"column":19},"end":{"line":66,"column":null}},"18":{"start":{"line":68,"column":2},"end":{"line":68,"column":null}},"19":{"start":{"line":97,"column":16},"end":{"line":104,"column":4}},"20":{"start":{"line":106,"column":8},"end":{"line":106,"column":52}},"21":{"start":{"line":107,"column":8},"end":{"line":107,"column":34}},"22":{"start":{"line":108,"column":8},"end":{"line":108,"column":36}},"23":{"start":{"line":109,"column":8},"end":{"line":109,"column":58}},"24":{"start":{"line":110,"column":8},"end":{"line":110,"column":58}},"25":{"start":{"line":111,"column":8},"end":{"line":111,"column":61}},"26":{"start":{"line":112,"column":8},"end":{"line":112,"column":53}},"27":{"start":{"line":113,"column":8},"end":{"line":113,"column":61}},"28":{"start":{"line":114,"column":8},"end":{"line":114,"column":52}},"29":{"start":{"line":115,"column":8},"end":{"line":115,"column":55}},"30":{"start":{"line":119,"column":8},"end":{"line":215,"column":8}},"31":{"start":{"line":120,"column":4},"end":{"line":120,"column":null}},"32":{"start":{"line":120,"column":16},"end":{"line":120,"column":null}},"33":{"start":{"line":122,"column":20},"end":{"line":122,"column":37}},"34":{"start":{"line":123,"column":17},"end":{"line":123,"column":null}},"35":{"start":{"line":124,"column":4},"end":{"line":124,"column":null}},"36":{"start":{"line":124,"column":15},"end":{"line":124,"column":null}},"37":{"start":{"line":126,"column":10},"end":{"line":129,"column":null}},"38":{"start":{"line":127,"column":6},"end":{"line":129,"column":null}},"39":{"start":{"line":128,"column":8},"end":{"line":128,"column":null}},"40":{"start":{"line":132,"column":4},"end":{"line":209,"column":null}},"41":{"start":{"line":134,"column":8},"end":{"line":134,"column":null}},"42":{"start":{"line":135,"column":8},"end":{"line":135,"column":null}},"43":{"start":{"line":136,"column":8},"end":{"line":139,"column":null}},"44":{"start":{"line":137,"column":10},"end":{"line":137,"column":null}},"45":{"start":{"line":138,"column":10},"end":{"line":138,"column":null}},"46":{"start":{"line":140,"column":8},"end":{"line":140,"column":null}},"47":{"start":{"line":143,"column":8},"end":{"line":143,"column":null}},"48":{"start":{"line":144,"column":8},"end":{"line":144,"column":null}},"49":{"start":{"line":145,"column":8},"end":{"line":148,"column":null}},"50":{"start":{"line":146,"column":10},"end":{"line":146,"column":null}},"51":{"start":{"line":147,"column":10},"end":{"line":147,"column":null}},"52":{"start":{"line":149,"column":8},"end":{"line":149,"column":null}},"53":{"start":{"line":152,"column":8},"end":{"line":152,"column":null}},"54":{"start":{"line":153,"column":8},"end":{"line":153,"column":null}},"55":{"start":{"line":154,"column":8},"end":{"line":165,"column":null}},"56":{"start":{"line":155,"column":10},"end":{"line":155,"column":null}},"57":{"start":{"line":156,"column":10},"end":{"line":156,"column":null}},"58":{"start":{"line":157,"column":10},"end":{"line":164,"column":null}},"59":{"start":{"line":158,"column":12},"end":{"line":158,"column":null}},"60":{"start":{"line":159,"column":12},"end":{"line":159,"column":null}},"61":{"start":{"line":160,"column":12},"end":{"line":163,"column":null}},"62":{"start":{"line":161,"column":14},"end":{"line":161,"column":null}},"63":{"start":{"line":162,"column":14},"end":{"line":162,"column":null}},"64":{"start":{"line":166,"column":8},"end":{"line":166,"column":null}},"65":{"start":{"line":170,"column":8},"end":{"line":170,"column":null}},"66":{"start":{"line":171,"column":8},"end":{"line":171,"column":null}},"67":{"start":{"line":171,"column":25},"end":{"line":171,"column":51}},"68":{"start":{"line":172,"column":8},"end":{"line":172,"column":null}},"69":{"start":{"line":175,"column":14},"end":{"line":175,"column":null}},"70":{"start":{"line":176,"column":14},"end":{"line":176,"column":null}},"71":{"start":{"line":177,"column":8},"end":{"line":177,"column":null}},"72":{"start":{"line":178,"column":8},"end":{"line":178,"column":null}},"73":{"start":{"line":179,"column":8},"end":{"line":182,"column":null}},"74":{"start":{"line":180,"column":10},"end":{"line":180,"column":null}},"75":{"start":{"line":181,"column":10},"end":{"line":181,"column":null}},"76":{"start":{"line":183,"column":8},"end":{"line":183,"column":null}},"77":{"start":{"line":186,"column":20},"end":{"line":186,"column":null}},"78":{"start":{"line":187,"column":8},"end":{"line":187,"column":null}},"79":{"start":{"line":188,"column":8},"end":{"line":188,"column":null}},"80":{"start":{"line":189,"column":8},"end":{"line":192,"column":null}},"81":{"start":{"line":190,"column":10},"end":{"line":190,"column":null}},"82":{"start":{"line":191,"column":10},"end":{"line":191,"column":null}},"83":{"start":{"line":193,"column":8},"end":{"line":193,"column":null}},"84":{"start":{"line":196,"column":14},"end":{"line":196,"column":null}},"85":{"start":{"line":197,"column":8},"end":{"line":197,"column":null}},"86":{"start":{"line":198,"column":8},"end":{"line":198,"column":null}},"87":{"start":{"line":198,"column":25},"end":{"line":198,"column":55}},"88":{"start":{"line":199,"column":8},"end":{"line":199,"column":null}},"89":{"start":{"line":203,"column":8},"end":{"line":203,"column":null}},"90":{"start":{"line":204,"column":8},"end":{"line":204,"column":null}},"91":{"start":{"line":205,"column":8},"end":{"line":208,"column":null}},"92":{"start":{"line":206,"column":10},"end":{"line":206,"column":null}},"93":{"start":{"line":207,"column":10},"end":{"line":207,"column":null}},"94":{"start":{"line":209,"column":8},"end":{"line":209,"column":null}},"95":{"start":{"line":213,"column":22},"end":{"line":213,"column":null}},"96":{"start":{"line":214,"column":4},"end":{"line":214,"column":null}},"97":{"start":{"line":214,"column":47},"end":{"line":214,"column":69}},"98":{"start":{"line":219,"column":8},"end":{"line":235,"column":8}},"99":{"start":{"line":220,"column":4},"end":{"line":220,"column":null}},"100":{"start":{"line":220,"column":16},"end":{"line":220,"column":null}},"101":{"start":{"line":221,"column":17},"end":{"line":221,"column":null}},"102":{"start":{"line":222,"column":4},"end":{"line":222,"column":null}},"103":{"start":{"line":222,"column":15},"end":{"line":222,"column":null}},"104":{"start":{"line":224,"column":22},"end":{"line":224,"column":32}},"105":{"start":{"line":225,"column":10},"end":{"line":232,"column":null}},"106":{"start":{"line":226,"column":22},"end":{"line":226,"column":null}},"107":{"start":{"line":227,"column":22},"end":{"line":227,"column":null}},"108":{"start":{"line":228,"column":12},"end":{"line":228,"column":null}},"109":{"start":{"line":229,"column":6},"end":{"line":231,"column":null}},"110":{"start":{"line":230,"column":8},"end":{"line":230,"column":null}},"111":{"start":{"line":232,"column":6},"end":{"line":232,"column":null}},"112":{"start":{"line":234,"column":4},"end":{"line":234,"column":null}},"113":{"start":{"line":239,"column":8},"end":{"line":274,"column":8}},"114":{"start":{"line":240,"column":4},"end":{"line":240,"column":null}},"115":{"start":{"line":240,"column":21},"end":{"line":240,"column":54}},"116":{"start":{"line":242,"column":4},"end":{"line":242,"column":null}},"117":{"start":{"line":242,"column":30},"end":{"line":242,"column":null}},"118":{"start":{"line":243,"column":4},"end":{"line":243,"column":null}},"119":{"start":{"line":243,"column":30},"end":{"line":243,"column":null}},"120":{"start":{"line":246,"column":4},"end":{"line":253,"column":null}},"121":{"start":{"line":247,"column":6},"end":{"line":250,"column":null}},"122":{"start":{"line":248,"column":8},"end":{"line":250,"column":null}},"123":{"start":{"line":249,"column":10},"end":{"line":249,"column":null}},"124":{"start":{"line":252,"column":6},"end":{"line":252,"column":null}},"125":{"start":{"line":252,"column":23},"end":{"line":252,"column":59}},"126":{"start":{"line":256,"column":4},"end":{"line":273,"column":null}},"127":{"start":{"line":257,"column":20},"end":{"line":257,"column":null}},"128":{"start":{"line":258,"column":6},"end":{"line":270,"column":null}},"129":{"start":{"line":259,"column":21},"end":{"line":259,"column":null}},"130":{"start":{"line":260,"column":8},"end":{"line":270,"column":null}},"131":{"start":{"line":261,"column":10},"end":{"line":264,"column":null}},"132":{"start":{"line":262,"column":12},"end":{"line":262,"column":null}},"133":{"start":{"line":263,"column":12},"end":{"line":263,"column":null}},"134":{"start":{"line":265,"column":10},"end":{"line":270,"column":null}},"135":{"start":{"line":266,"column":12},"end":{"line":269,"column":null}},"136":{"start":{"line":267,"column":14},"end":{"line":267,"column":null}},"137":{"start":{"line":268,"column":14},"end":{"line":268,"column":null}},"138":{"start":{"line":278,"column":8},"end":{"line":350,"column":55}},"139":{"start":{"line":279,"column":4},"end":{"line":279,"column":null}},"140":{"start":{"line":279,"column":61},"end":{"line":279,"column":null}},"141":{"start":{"line":280,"column":4},"end":{"line":280,"column":null}},"142":{"start":{"line":280,"column":24},"end":{"line":280,"column":null}},"143":{"start":{"line":282,"column":4},"end":{"line":348,"column":null}},"144":{"start":{"line":283,"column":19},"end":{"line":283,"column":null}},"145":{"start":{"line":284,"column":30},"end":{"line":284,"column":null}},"146":{"start":{"line":285,"column":7},"end":{"line":285,"column":null}},"147":{"start":{"line":287,"column":18},"end":{"line":292,"column":8}},"148":{"start":{"line":293,"column":6},"end":{"line":293,"column":null}},"149":{"start":{"line":295,"column":6},"end":{"line":344,"column":null}},"150":{"start":{"line":297,"column":23},"end":{"line":300,"column":10}},"151":{"start":{"line":302,"column":8},"end":{"line":302,"column":null}},"152":{"start":{"line":303,"column":8},"end":{"line":303,"column":null}},"153":{"start":{"line":304,"column":8},"end":{"line":304,"column":null}},"154":{"start":{"line":305,"column":8},"end":{"line":305,"column":null}},"155":{"start":{"line":307,"column":8},"end":{"line":307,"column":null}},"156":{"start":{"line":308,"column":8},"end":{"line":308,"column":null}},"157":{"start":{"line":311,"column":8},"end":{"line":330,"column":null}},"158":{"start":{"line":312,"column":10},"end":{"line":316,"column":null}},"159":{"start":{"line":313,"column":12},"end":{"line":315,"column":null}},"160":{"start":{"line":314,"column":14},"end":{"line":314,"column":null}},"161":{"start":{"line":316,"column":12},"end":{"line":316,"column":null}},"162":{"start":{"line":316,"column":29},"end":{"line":316,"column":61}},"163":{"start":{"line":318,"column":10},"end":{"line":328,"column":null}},"164":{"start":{"line":319,"column":12},"end":{"line":321,"column":null}},"165":{"start":{"line":320,"column":14},"end":{"line":320,"column":null}},"166":{"start":{"line":322,"column":12},"end":{"line":322,"column":null}},"167":{"start":{"line":322,"column":29},"end":{"line":322,"column":64}},"168":{"start":{"line":323,"column":12},"end":{"line":328,"column":null}},"169":{"start":{"line":324,"column":14},"end":{"line":326,"column":null}},"170":{"start":{"line":325,"column":16},"end":{"line":325,"column":null}},"171":{"start":{"line":327,"column":14},"end":{"line":327,"column":null}},"172":{"start":{"line":327,"column":31},"end":{"line":327,"column":63}},"173":{"start":{"line":333,"column":8},"end":{"line":333,"column":null}},"174":{"start":{"line":334,"column":31},"end":{"line":334,"column":null}},"175":{"start":{"line":335,"column":8},"end":{"line":335,"column":null}},"176":{"start":{"line":335,"column":51},"end":{"line":335,"column":73}},"177":{"start":{"line":337,"column":8},"end":{"line":337,"column":null}},"178":{"start":{"line":337,"column":25},"end":{"line":337,"column":49}},"179":{"start":{"line":338,"column":8},"end":{"line":338,"column":null}},"180":{"start":{"line":339,"column":8},"end":{"line":339,"column":null}},"181":{"start":{"line":342,"column":8},"end":{"line":342,"column":null}},"182":{"start":{"line":342,"column":25},"end":{"line":342,"column":50}},"183":{"start":{"line":343,"column":8},"end":{"line":343,"column":null}},"184":{"start":{"line":344,"column":8},"end":{"line":344,"column":null}},"185":{"start":{"line":347,"column":6},"end":{"line":347,"column":null}},"186":{"start":{"line":348,"column":6},"end":{"line":348,"column":null}},"187":{"start":{"line":354,"column":8},"end":{"line":380,"column":null}},"188":{"start":{"line":356,"column":6},"end":{"line":356,"column":null}},"189":{"start":{"line":357,"column":6},"end":{"line":357,"column":null}},"190":{"start":{"line":357,"column":23},"end":{"line":357,"column":51}},"191":{"start":{"line":359,"column":6},"end":{"line":362,"column":null}},"192":{"start":{"line":360,"column":8},"end":{"line":362,"column":null}},"193":{"start":{"line":361,"column":10},"end":{"line":361,"column":null}},"194":{"start":{"line":365,"column":6},"end":{"line":377,"column":null}},"195":{"start":{"line":366,"column":8},"end":{"line":366,"column":null}},"196":{"start":{"line":366,"column":37},"end":{"line":366,"column":null}},"197":{"start":{"line":367,"column":8},"end":{"line":377,"column":null}},"198":{"start":{"line":369,"column":12},"end":{"line":372,"column":null}},"199":{"start":{"line":370,"column":14},"end":{"line":372,"column":null}},"200":{"start":{"line":371,"column":16},"end":{"line":371,"column":null}},"201":{"start":{"line":374,"column":12},"end":{"line":374,"column":null}},"202":{"start":{"line":374,"column":29},"end":{"line":374,"column":62}},"203":{"start":{"line":385,"column":8},"end":{"line":469,"column":null}},"204":{"start":{"line":387,"column":6},"end":{"line":387,"column":null}},"205":{"start":{"line":388,"column":6},"end":{"line":388,"column":null}},"206":{"start":{"line":388,"column":23},"end":{"line":388,"column":48}},"207":{"start":{"line":390,"column":6},"end":{"line":393,"column":null}},"208":{"start":{"line":391,"column":8},"end":{"line":393,"column":null}},"209":{"start":{"line":392,"column":10},"end":{"line":392,"column":null}},"210":{"start":{"line":397,"column":18},"end":{"line":397,"column":48}},"211":{"start":{"line":398,"column":20},"end":{"line":398,"column":34}},"212":{"start":{"line":400,"column":6},"end":{"line":401,"column":null}},"213":{"start":{"line":401,"column":8},"end":{"line":401,"column":null}},"214":{"start":{"line":403,"column":18},"end":{"line":403,"column":null}},"215":{"start":{"line":404,"column":21},"end":{"line":404,"column":56}},"216":{"start":{"line":405,"column":23},"end":{"line":405,"column":43}},"217":{"start":{"line":406,"column":6},"end":{"line":406,"column":null}},"218":{"start":{"line":407,"column":6},"end":{"line":407,"column":null}},"219":{"start":{"line":408,"column":6},"end":{"line":408,"column":null}},"220":{"start":{"line":409,"column":6},"end":{"line":409,"column":null}},"221":{"start":{"line":411,"column":24},"end":{"line":411,"column":66}},"222":{"start":{"line":413,"column":12},"end":{"line":434,"column":null}},"223":{"start":{"line":414,"column":8},"end":{"line":414,"column":null}},"224":{"start":{"line":417,"column":18},"end":{"line":417,"column":null}},"225":{"start":{"line":418,"column":27},"end":{"line":418,"column":57}},"226":{"start":{"line":419,"column":8},"end":{"line":420,"column":null}},"227":{"start":{"line":419,"column":21},"end":{"line":419,"column":24}},"228":{"start":{"line":420,"column":10},"end":{"line":420,"column":null}},"229":{"start":{"line":422,"column":20},"end":{"line":422,"column":null}},"230":{"start":{"line":423,"column":26},"end":{"line":423,"column":48}},"231":{"start":{"line":425,"column":8},"end":{"line":430,"column":null}},"232":{"start":{"line":426,"column":23},"end":{"line":426,"column":null}},"233":{"start":{"line":427,"column":10},"end":{"line":430,"column":null}},"234":{"start":{"line":428,"column":12},"end":{"line":430,"column":null}},"235":{"start":{"line":429,"column":14},"end":{"line":429,"column":null}},"236":{"start":{"line":434,"column":8},"end":{"line":434,"column":null}},"237":{"start":{"line":437,"column":6},"end":{"line":439,"column":null}},"238":{"start":{"line":438,"column":8},"end":{"line":438,"column":null}},"239":{"start":{"line":438,"column":39},"end":{"line":438,"column":null}},"240":{"start":{"line":439,"column":8},"end":{"line":439,"column":null}},"241":{"start":{"line":442,"column":6},"end":{"line":456,"column":null}},"242":{"start":{"line":443,"column":8},"end":{"line":445,"column":null}},"243":{"start":{"line":444,"column":10},"end":{"line":444,"column":null}},"244":{"start":{"line":445,"column":10},"end":{"line":445,"column":null}},"245":{"start":{"line":447,"column":8},"end":{"line":452,"column":null}},"246":{"start":{"line":448,"column":23},"end":{"line":448,"column":null}},"247":{"start":{"line":449,"column":10},"end":{"line":452,"column":null}},"248":{"start":{"line":450,"column":12},"end":{"line":452,"column":null}},"249":{"start":{"line":451,"column":14},"end":{"line":451,"column":null}},"250":{"start":{"line":455,"column":8},"end":{"line":455,"column":null}},"251":{"start":{"line":456,"column":8},"end":{"line":456,"column":null}},"252":{"start":{"line":456,"column":25},"end":{"line":456,"column":51}},"253":{"start":{"line":459,"column":6},"end":{"line":461,"column":null}},"254":{"start":{"line":460,"column":8},"end":{"line":460,"column":null}},"255":{"start":{"line":461,"column":8},"end":{"line":461,"column":null}},"256":{"start":{"line":461,"column":25},"end":{"line":461,"column":51}},"257":{"start":{"line":464,"column":6},"end":{"line":467,"column":null}},"258":{"start":{"line":465,"column":8},"end":{"line":465,"column":null}},"259":{"start":{"line":466,"column":8},"end":{"line":466,"column":null}},"260":{"start":{"line":466,"column":25},"end":{"line":466,"column":51}},"261":{"start":{"line":474,"column":8},"end":{"line":517,"column":null}},"262":{"start":{"line":476,"column":6},"end":{"line":476,"column":null}},"263":{"start":{"line":477,"column":6},"end":{"line":477,"column":null}},"264":{"start":{"line":477,"column":23},"end":{"line":477,"column":48}},"265":{"start":{"line":479,"column":6},"end":{"line":482,"column":null}},"266":{"start":{"line":480,"column":8},"end":{"line":482,"column":null}},"267":{"start":{"line":481,"column":10},"end":{"line":481,"column":null}},"268":{"start":{"line":485,"column":20},"end":{"line":485,"column":null}},"269":{"start":{"line":486,"column":25},"end":{"line":486,"column":null}},"270":{"start":{"line":487,"column":24},"end":{"line":487,"column":34}},"271":{"start":{"line":489,"column":12},"end":{"line":513,"column":null}},"272":{"start":{"line":490,"column":24},"end":{"line":490,"column":null}},"273":{"start":{"line":491,"column":8},"end":{"line":501,"column":null}},"274":{"start":{"line":492,"column":10},"end":{"line":497,"column":null}},"275":{"start":{"line":493,"column":25},"end":{"line":493,"column":null}},"276":{"start":{"line":494,"column":12},"end":{"line":497,"column":null}},"277":{"start":{"line":495,"column":14},"end":{"line":497,"column":null}},"278":{"start":{"line":496,"column":16},"end":{"line":496,"column":null}},"279":{"start":{"line":500,"column":10},"end":{"line":500,"column":null}},"280":{"start":{"line":500,"column":27},"end":{"line":500,"column":53}},"281":{"start":{"line":501,"column":10},"end":{"line":501,"column":null}},"282":{"start":{"line":503,"column":8},"end":{"line":510,"column":null}},"283":{"start":{"line":504,"column":25},"end":{"line":504,"column":null}},"284":{"start":{"line":505,"column":28},"end":{"line":505,"column":null}},"285":{"start":{"line":506,"column":23},"end":{"line":506,"column":null}},"286":{"start":{"line":507,"column":10},"end":{"line":510,"column":null}},"287":{"start":{"line":508,"column":12},"end":{"line":510,"column":null}},"288":{"start":{"line":509,"column":14},"end":{"line":509,"column":null}},"289":{"start":{"line":513,"column":8},"end":{"line":513,"column":null}},"290":{"start":{"line":515,"column":6},"end":{"line":515,"column":null}},"291":{"start":{"line":520,"column":8},"end":{"line":537,"column":8}},"292":{"start":{"line":521,"column":4},"end":{"line":523,"column":null}},"293":{"start":{"line":522,"column":6},"end":{"line":522,"column":null}},"294":{"start":{"line":523,"column":6},"end":{"line":523,"column":null}},"295":{"start":{"line":525,"column":4},"end":{"line":534,"column":null}},"296":{"start":{"line":526,"column":19},"end":{"line":526,"column":null}},"297":{"start":{"line":527,"column":6},"end":{"line":530,"column":null}},"298":{"start":{"line":528,"column":8},"end":{"line":530,"column":null}},"299":{"start":{"line":529,"column":10},"end":{"line":529,"column":null}},"300":{"start":{"line":532,"column":6},"end":{"line":534,"column":null}},"301":{"start":{"line":533,"column":8},"end":{"line":533,"column":null}},"302":{"start":{"line":536,"column":4},"end":{"line":536,"column":null}},"303":{"start":{"line":536,"column":21},"end":{"line":536,"column":47}},"304":{"start":{"line":539,"column":8},"end":{"line":542,"column":37}},"305":{"start":{"line":540,"column":4},"end":{"line":540,"column":null}},"306":{"start":{"line":541,"column":4},"end":{"line":541,"column":null}},"307":{"start":{"line":544,"column":8},"end":{"line":546,"column":8}},"308":{"start":{"line":545,"column":4},"end":{"line":545,"column":null}},"309":{"start":{"line":545,"column":21},"end":{"line":545,"column":39}},"310":{"start":{"line":548,"column":8},"end":{"line":550,"column":8}},"311":{"start":{"line":549,"column":4},"end":{"line":549,"column":null}},"312":{"start":{"line":549,"column":21},"end":{"line":549,"column":52}},"313":{"start":{"line":552,"column":8},"end":{"line":573,"column":8}},"314":{"start":{"line":553,"column":4},"end":{"line":553,"column":null}},"315":{"start":{"line":553,"column":33},"end":{"line":553,"column":null}},"316":{"start":{"line":554,"column":4},"end":{"line":554,"column":null}},"317":{"start":{"line":554,"column":32},"end":{"line":554,"column":null}},"318":{"start":{"line":555,"column":4},"end":{"line":555,"column":null}},"319":{"start":{"line":555,"column":30},"end":{"line":555,"column":null}},"320":{"start":{"line":556,"column":4},"end":{"line":556,"column":null}},"321":{"start":{"line":556,"column":30},"end":{"line":556,"column":null}},"322":{"start":{"line":557,"column":4},"end":{"line":557,"column":null}},"323":{"start":{"line":557,"column":33},"end":{"line":557,"column":null}},"324":{"start":{"line":558,"column":4},"end":{"line":558,"column":null}},"325":{"start":{"line":558,"column":33},"end":{"line":558,"column":null}},"326":{"start":{"line":559,"column":4},"end":{"line":563,"column":null}},"327":{"start":{"line":560,"column":6},"end":{"line":562,"column":null}},"328":{"start":{"line":561,"column":8},"end":{"line":561,"column":null}},"329":{"start":{"line":563,"column":6},"end":{"line":563,"column":null}},"330":{"start":{"line":565,"column":4},"end":{"line":569,"column":null}},"331":{"start":{"line":566,"column":6},"end":{"line":568,"column":null}},"332":{"start":{"line":567,"column":8},"end":{"line":567,"column":null}},"333":{"start":{"line":569,"column":6},"end":{"line":569,"column":null}},"334":{"start":{"line":571,"column":4},"end":{"line":571,"column":null}},"335":{"start":{"line":572,"column":4},"end":{"line":572,"column":null}},"336":{"start":{"line":572,"column":21},"end":{"line":572,"column":46}},"337":{"start":{"line":575,"column":2},"end":{"line":579,"column":null}},"338":{"start":{"line":576,"column":4},"end":{"line":577,"column":null}},"339":{"start":{"line":577,"column":6},"end":{"line":577,"column":null}},"340":{"start":{"line":581,"column":2},"end":{"line":594,"column":null}}},"fnMap":{"0":{"name":"pickIdleVariant","decl":{"start":{"line":61,"column":9},"end":{"line":61,"column":40}},"loc":{"start":{"line":61,"column":40},"end":{"line":68,"column":null}},"line":61},"1":{"name":"(anonymous_1)","decl":{"start":{"line":62,"column":30},"end":{"line":62,"column":38}},"loc":{"start":{"line":62,"column":47},"end":{"line":62,"column":61}},"line":62},"2":{"name":"useAvatar","decl":{"start":{"line":96,"column":16},"end":{"line":96,"column":45}},"loc":{"start":{"line":96,"column":45},"end":{"line":594,"column":null}},"line":96},"3":{"name":"(anonymous_3)","decl":{"start":{"line":119,"column":26},"end":{"line":119,"column":39}},"loc":{"start":{"line":119,"column":54},"end":{"line":215,"column":7}},"line":119},"4":{"name":"(anonymous_4)","decl":{"start":{"line":126,"column":10},"end":{"line":126,"column":22}},"loc":{"start":{"line":126,"column":52},"end":{"line":129,"column":null}},"line":126},"5":{"name":"(anonymous_5)","decl":{"start":{"line":136,"column":8},"end":{"line":136,"column":25}},"loc":{"start":{"line":136,"column":25},"end":{"line":139,"column":15}},"line":136},"6":{"name":"(anonymous_6)","decl":{"start":{"line":145,"column":8},"end":{"line":145,"column":25}},"loc":{"start":{"line":145,"column":25},"end":{"line":148,"column":15}},"line":145},"7":{"name":"(anonymous_7)","decl":{"start":{"line":154,"column":8},"end":{"line":154,"column":25}},"loc":{"start":{"line":154,"column":25},"end":{"line":165,"column":15}},"line":154},"8":{"name":"(anonymous_8)","decl":{"start":{"line":157,"column":10},"end":{"line":157,"column":27}},"loc":{"start":{"line":157,"column":27},"end":{"line":164,"column":17}},"line":157},"9":{"name":"(anonymous_9)","decl":{"start":{"line":160,"column":12},"end":{"line":160,"column":29}},"loc":{"start":{"line":160,"column":29},"end":{"line":163,"column":19}},"line":160},"10":{"name":"(anonymous_10)","decl":{"start":{"line":171,"column":8},"end":{"line":171,"column":25}},"loc":{"start":{"line":171,"column":25},"end":{"line":171,"column":51}},"line":171},"11":{"name":"(anonymous_11)","decl":{"start":{"line":179,"column":8},"end":{"line":179,"column":25}},"loc":{"start":{"line":179,"column":25},"end":{"line":182,"column":16}},"line":179},"12":{"name":"(anonymous_12)","decl":{"start":{"line":189,"column":8},"end":{"line":189,"column":25}},"loc":{"start":{"line":189,"column":25},"end":{"line":192,"column":16}},"line":189},"13":{"name":"(anonymous_13)","decl":{"start":{"line":198,"column":8},"end":{"line":198,"column":25}},"loc":{"start":{"line":198,"column":25},"end":{"line":198,"column":55}},"line":198},"14":{"name":"(anonymous_14)","decl":{"start":{"line":205,"column":8},"end":{"line":205,"column":25}},"loc":{"start":{"line":205,"column":25},"end":{"line":208,"column":16}},"line":205},"15":{"name":"(anonymous_15)","decl":{"start":{"line":214,"column":30},"end":{"line":214,"column":47}},"loc":{"start":{"line":214,"column":47},"end":{"line":214,"column":69}},"line":214},"16":{"name":"(anonymous_16)","decl":{"start":{"line":219,"column":25},"end":{"line":219,"column":38}},"loc":{"start":{"line":219,"column":53},"end":{"line":235,"column":7}},"line":219},"17":{"name":"(anonymous_17)","decl":{"start":{"line":225,"column":10},"end":{"line":225,"column":26}},"loc":{"start":{"line":225,"column":26},"end":{"line":232,"column":null}},"line":225},"18":{"name":"(anonymous_18)","decl":{"start":{"line":239,"column":25},"end":{"line":239,"column":43}},"loc":{"start":{"line":239,"column":43},"end":{"line":274,"column":7}},"line":239},"19":{"name":"(anonymous_19)","decl":{"start":{"line":240,"column":4},"end":{"line":240,"column":14}},"loc":{"start":{"line":240,"column":21},"end":{"line":240,"column":54}},"line":240},"20":{"name":"(anonymous_20)","decl":{"start":{"line":246,"column":27},"end":{"line":246,"column":44}},"loc":{"start":{"line":246,"column":44},"end":{"line":253,"column":26}},"line":246},"21":{"name":"(anonymous_21)","decl":{"start":{"line":252,"column":6},"end":{"line":252,"column":16}},"loc":{"start":{"line":252,"column":23},"end":{"line":252,"column":59}},"line":252},"22":{"name":"(anonymous_22)","decl":{"start":{"line":256,"column":27},"end":{"line":256,"column":44}},"loc":{"start":{"line":256,"column":44},"end":{"line":273,"column":25}},"line":256},"23":{"name":"(anonymous_23)","decl":{"start":{"line":265,"column":10},"end":{"line":265,"column":27}},"loc":{"start":{"line":265,"column":27},"end":{"line":270,"column":18}},"line":265},"24":{"name":"(anonymous_24)","decl":{"start":{"line":278,"column":27},"end":{"line":278,"column":57}},"loc":{"start":{"line":278,"column":57},"end":{"line":350,"column":6}},"line":278},"25":{"name":"(anonymous_25)","decl":{"start":{"line":311,"column":17},"end":{"line":311,"column":25}},"loc":{"start":{"line":311,"column":48},"end":{"line":330,"column":null}},"line":311},"26":{"name":"(anonymous_26)","decl":{"start":{"line":316,"column":12},"end":{"line":316,"column":22}},"loc":{"start":{"line":316,"column":29},"end":{"line":316,"column":61}},"line":316},"27":{"name":"(anonymous_27)","decl":{"start":{"line":322,"column":12},"end":{"line":322,"column":22}},"loc":{"start":{"line":322,"column":29},"end":{"line":322,"column":64}},"line":322},"28":{"name":"(anonymous_28)","decl":{"start":{"line":323,"column":12},"end":{"line":323,"column":29}},"loc":{"start":{"line":323,"column":29},"end":{"line":328,"column":19}},"line":323},"29":{"name":"(anonymous_29)","decl":{"start":{"line":327,"column":14},"end":{"line":327,"column":24}},"loc":{"start":{"line":327,"column":31},"end":{"line":327,"column":63}},"line":327},"30":{"name":"(anonymous_30)","decl":{"start":{"line":335,"column":34},"end":{"line":335,"column":51}},"loc":{"start":{"line":335,"column":51},"end":{"line":335,"column":73}},"line":335},"31":{"name":"(anonymous_31)","decl":{"start":{"line":337,"column":8},"end":{"line":337,"column":18}},"loc":{"start":{"line":337,"column":25},"end":{"line":337,"column":49}},"line":337},"32":{"name":"(anonymous_32)","decl":{"start":{"line":342,"column":8},"end":{"line":342,"column":18}},"loc":{"start":{"line":342,"column":25},"end":{"line":342,"column":50}},"line":342},"33":{"name":"(anonymous_33)","decl":{"start":{"line":354,"column":24},"end":{"line":354,"column":null}},"loc":{"start":{"line":355,"column":32},"end":{"line":380,"column":5}},"line":355},"34":{"name":"(anonymous_34)","decl":{"start":{"line":357,"column":6},"end":{"line":357,"column":16}},"loc":{"start":{"line":357,"column":23},"end":{"line":357,"column":51}},"line":357},"35":{"name":"(anonymous_35)","decl":{"start":{"line":367,"column":34},"end":{"line":367,"column":null}},"loc":{"start":{"line":368,"column":16},"end":{"line":376,"column":27}},"line":368},"36":{"name":"(anonymous_36)","decl":{"start":{"line":374,"column":12},"end":{"line":374,"column":22}},"loc":{"start":{"line":374,"column":29},"end":{"line":374,"column":62}},"line":374},"37":{"name":"(anonymous_37)","decl":{"start":{"line":385,"column":32},"end":{"line":385,"column":null}},"loc":{"start":{"line":386,"column":25},"end":{"line":469,"column":5}},"line":386},"38":{"name":"(anonymous_38)","decl":{"start":{"line":388,"column":6},"end":{"line":388,"column":16}},"loc":{"start":{"line":388,"column":23},"end":{"line":388,"column":48}},"line":388},"39":{"name":"(anonymous_39)","decl":{"start":{"line":413,"column":12},"end":{"line":413,"column":28}},"loc":{"start":{"line":413,"column":28},"end":{"line":434,"column":null}},"line":413},"40":{"name":"(anonymous_40)","decl":{"start":{"line":437,"column":12},"end":{"line":437,"column":27}},"loc":{"start":{"line":437,"column":27},"end":{"line":439,"column":null}},"line":437},"41":{"name":"(anonymous_41)","decl":{"start":{"line":442,"column":12},"end":{"line":442,"column":28}},"loc":{"start":{"line":442,"column":28},"end":{"line":456,"column":null}},"line":442},"42":{"name":"(anonymous_42)","decl":{"start":{"line":456,"column":8},"end":{"line":456,"column":18}},"loc":{"start":{"line":456,"column":25},"end":{"line":456,"column":51}},"line":456},"43":{"name":"(anonymous_43)","decl":{"start":{"line":459,"column":12},"end":{"line":459,"column":28}},"loc":{"start":{"line":459,"column":28},"end":{"line":461,"column":null}},"line":459},"44":{"name":"(anonymous_44)","decl":{"start":{"line":461,"column":8},"end":{"line":461,"column":18}},"loc":{"start":{"line":461,"column":25},"end":{"line":461,"column":51}},"line":461},"45":{"name":"(anonymous_45)","decl":{"start":{"line":464,"column":19},"end":{"line":464,"column":31}},"loc":{"start":{"line":464,"column":31},"end":{"line":467,"column":null}},"line":464},"46":{"name":"(anonymous_46)","decl":{"start":{"line":466,"column":8},"end":{"line":466,"column":18}},"loc":{"start":{"line":466,"column":25},"end":{"line":466,"column":51}},"line":466},"47":{"name":"(anonymous_47)","decl":{"start":{"line":474,"column":23},"end":{"line":474,"column":null}},"loc":{"start":{"line":475,"column":22},"end":{"line":517,"column":5}},"line":475},"48":{"name":"(anonymous_48)","decl":{"start":{"line":477,"column":6},"end":{"line":477,"column":16}},"loc":{"start":{"line":477,"column":23},"end":{"line":477,"column":48}},"line":477},"49":{"name":"(anonymous_49)","decl":{"start":{"line":489,"column":12},"end":{"line":489,"column":28}},"loc":{"start":{"line":489,"column":28},"end":{"line":513,"column":null}},"line":489},"50":{"name":"(anonymous_50)","decl":{"start":{"line":500,"column":10},"end":{"line":500,"column":20}},"loc":{"start":{"line":500,"column":27},"end":{"line":500,"column":53}},"line":500},"51":{"name":"(anonymous_51)","decl":{"start":{"line":520,"column":22},"end":{"line":520,"column":40}},"loc":{"start":{"line":520,"column":40},"end":{"line":537,"column":7}},"line":520},"52":{"name":"(anonymous_52)","decl":{"start":{"line":536,"column":4},"end":{"line":536,"column":14}},"loc":{"start":{"line":536,"column":21},"end":{"line":536,"column":47}},"line":536},"53":{"name":"(anonymous_53)","decl":{"start":{"line":539,"column":23},"end":{"line":539,"column":41}},"loc":{"start":{"line":539,"column":41},"end":{"line":542,"column":6}},"line":539},"54":{"name":"(anonymous_54)","decl":{"start":{"line":544,"column":20},"end":{"line":544,"column":33}},"loc":{"start":{"line":544,"column":58},"end":{"line":546,"column":7}},"line":544},"55":{"name":"(anonymous_55)","decl":{"start":{"line":545,"column":4},"end":{"line":545,"column":14}},"loc":{"start":{"line":545,"column":21},"end":{"line":545,"column":39}},"line":545},"56":{"name":"(anonymous_56)","decl":{"start":{"line":548,"column":24},"end":{"line":548,"column":42}},"loc":{"start":{"line":548,"column":42},"end":{"line":550,"column":7}},"line":548},"57":{"name":"(anonymous_57)","decl":{"start":{"line":549,"column":4},"end":{"line":549,"column":14}},"loc":{"start":{"line":549,"column":21},"end":{"line":549,"column":52}},"line":549},"58":{"name":"(anonymous_58)","decl":{"start":{"line":552,"column":18},"end":{"line":552,"column":36}},"loc":{"start":{"line":552,"column":36},"end":{"line":573,"column":7}},"line":552},"59":{"name":"(anonymous_59)","decl":{"start":{"line":572,"column":4},"end":{"line":572,"column":14}},"loc":{"start":{"line":572,"column":21},"end":{"line":572,"column":46}},"line":572},"60":{"name":"(anonymous_60)","decl":{"start":{"line":575,"column":2},"end":{"line":575,"column":18}},"loc":{"start":{"line":575,"column":18},"end":{"line":579,"column":6}},"line":575},"61":{"name":"(anonymous_61)","decl":{"start":{"line":576,"column":4},"end":{"line":576,"column":17}},"loc":{"start":{"line":576,"column":17},"end":{"line":577,"column":null}},"line":576}},"branchMap":{"0":{"loc":{"start":{"line":66,"column":4},"end":{"line":66,"column":null}},"type":"if","locations":[{"start":{"line":66,"column":4},"end":{"line":66,"column":null}},{"start":{},"end":{}}],"line":66},"1":{"loc":{"start":{"line":120,"column":4},"end":{"line":120,"column":null}},"type":"if","locations":[{"start":{"line":120,"column":4},"end":{"line":120,"column":null}},{"start":{},"end":{}}],"line":120},"2":{"loc":{"start":{"line":124,"column":4},"end":{"line":124,"column":null}},"type":"if","locations":[{"start":{"line":124,"column":4},"end":{"line":124,"column":null}},{"start":{},"end":{}}],"line":124},"3":{"loc":{"start":{"line":132,"column":4},"end":{"line":209,"column":null}},"type":"switch","locations":[{"start":{"line":133,"column":6},"end":{"line":140,"column":null}},{"start":{"line":142,"column":6},"end":{"line":149,"column":null}},{"start":{"line":151,"column":6},"end":{"line":166,"column":null}},{"start":{"line":168,"column":6},"end":{"line":172,"column":null}},{"start":{"line":174,"column":6},"end":{"line":183,"column":null}},{"start":{"line":185,"column":6},"end":{"line":193,"column":null}},{"start":{"line":195,"column":6},"end":{"line":199,"column":null}},{"start":{"line":201,"column":6},"end":{"line":209,"column":null}}],"line":132},"4":{"loc":{"start":{"line":186,"column":20},"end":{"line":186,"column":null}},"type":"cond-expr","locations":[{"start":{"line":186,"column":42},"end":{"line":186,"column":48}},{"start":{"line":186,"column":48},"end":{"line":186,"column":null}}],"line":186},"5":{"loc":{"start":{"line":220,"column":4},"end":{"line":220,"column":null}},"type":"if","locations":[{"start":{"line":220,"column":4},"end":{"line":220,"column":null}},{"start":{},"end":{}}],"line":220},"6":{"loc":{"start":{"line":222,"column":4},"end":{"line":222,"column":null}},"type":"if","locations":[{"start":{"line":222,"column":4},"end":{"line":222,"column":null}},{"start":{},"end":{}}],"line":222},"7":{"loc":{"start":{"line":242,"column":4},"end":{"line":242,"column":null}},"type":"if","locations":[{"start":{"line":242,"column":4},"end":{"line":242,"column":null}},{"start":{},"end":{}}],"line":242},"8":{"loc":{"start":{"line":243,"column":4},"end":{"line":243,"column":null}},"type":"if","locations":[{"start":{"line":243,"column":4},"end":{"line":243,"column":null}},{"start":{},"end":{}}],"line":243},"9":{"loc":{"start":{"line":247,"column":6},"end":{"line":250,"column":null}},"type":"if","locations":[{"start":{"line":247,"column":6},"end":{"line":250,"column":null}},{"start":{},"end":{}}],"line":247},"10":{"loc":{"start":{"line":258,"column":6},"end":{"line":270,"column":null}},"type":"if","locations":[{"start":{"line":258,"column":6},"end":{"line":270,"column":null}},{"start":{},"end":{}}],"line":258},"11":{"loc":{"start":{"line":260,"column":8},"end":{"line":270,"column":null}},"type":"if","locations":[{"start":{"line":260,"column":8},"end":{"line":270,"column":null}},{"start":{},"end":{}}],"line":260},"12":{"loc":{"start":{"line":279,"column":4},"end":{"line":279,"column":null}},"type":"if","locations":[{"start":{"line":279,"column":4},"end":{"line":279,"column":null}},{"start":{},"end":{}}],"line":279},"13":{"loc":{"start":{"line":279,"column":8},"end":{"line":279,"column":61}},"type":"binary-expr","locations":[{"start":{"line":279,"column":8},"end":{"line":279,"column":41}},{"start":{"line":279,"column":41},"end":{"line":279,"column":61}}],"line":279},"14":{"loc":{"start":{"line":280,"column":4},"end":{"line":280,"column":null}},"type":"if","locations":[{"start":{"line":280,"column":4},"end":{"line":280,"column":null}},{"start":{},"end":{}}],"line":280},"15":{"loc":{"start":{"line":290,"column":18},"end":{"line":290,"column":null}},"type":"binary-expr","locations":[{"start":{"line":290,"column":18},"end":{"line":290,"column":53}},{"start":{"line":290,"column":53},"end":{"line":290,"column":null}}],"line":290},"16":{"loc":{"start":{"line":312,"column":10},"end":{"line":316,"column":null}},"type":"if","locations":[{"start":{"line":312,"column":10},"end":{"line":316,"column":null}},{"start":{},"end":{}}],"line":312},"17":{"loc":{"start":{"line":318,"column":10},"end":{"line":328,"column":null}},"type":"if","locations":[{"start":{"line":318,"column":10},"end":{"line":328,"column":null}},{"start":{},"end":{}}],"line":318},"18":{"loc":{"start":{"line":359,"column":6},"end":{"line":362,"column":null}},"type":"if","locations":[{"start":{"line":359,"column":6},"end":{"line":362,"column":null}},{"start":{},"end":{}}],"line":359},"19":{"loc":{"start":{"line":365,"column":6},"end":{"line":377,"column":null}},"type":"if","locations":[{"start":{"line":365,"column":6},"end":{"line":377,"column":null}},{"start":{},"end":{}}],"line":365},"20":{"loc":{"start":{"line":365,"column":10},"end":{"line":365,"column":79}},"type":"binary-expr","locations":[{"start":{"line":365,"column":10},"end":{"line":365,"column":32}},{"start":{"line":365,"column":32},"end":{"line":365,"column":57}},{"start":{"line":365,"column":57},"end":{"line":365,"column":79}}],"line":365},"21":{"loc":{"start":{"line":366,"column":8},"end":{"line":366,"column":null}},"type":"if","locations":[{"start":{"line":366,"column":8},"end":{"line":366,"column":null}},{"start":{},"end":{}}],"line":366},"22":{"loc":{"start":{"line":369,"column":12},"end":{"line":372,"column":null}},"type":"if","locations":[{"start":{"line":369,"column":12},"end":{"line":372,"column":null}},{"start":{},"end":{}}],"line":369},"23":{"loc":{"start":{"line":376,"column":27},"end":{"line":376,"column":null}},"type":"binary-expr","locations":[{"start":{"line":376,"column":27},"end":{"line":376,"column":57}},{"start":{"line":376,"column":57},"end":{"line":376,"column":null}}],"line":376},"24":{"loc":{"start":{"line":390,"column":6},"end":{"line":393,"column":null}},"type":"if","locations":[{"start":{"line":390,"column":6},"end":{"line":393,"column":null}},{"start":{},"end":{}}],"line":390},"25":{"loc":{"start":{"line":400,"column":6},"end":{"line":401,"column":null}},"type":"if","locations":[{"start":{"line":400,"column":6},"end":{"line":401,"column":null}},{"start":{},"end":{}}],"line":400},"26":{"loc":{"start":{"line":425,"column":8},"end":{"line":430,"column":null}},"type":"if","locations":[{"start":{"line":425,"column":8},"end":{"line":430,"column":null}},{"start":{},"end":{}}],"line":425},"27":{"loc":{"start":{"line":427,"column":10},"end":{"line":430,"column":null}},"type":"if","locations":[{"start":{"line":427,"column":10},"end":{"line":430,"column":null}},{"start":{},"end":{}}],"line":427},"28":{"loc":{"start":{"line":438,"column":8},"end":{"line":438,"column":null}},"type":"if","locations":[{"start":{"line":438,"column":8},"end":{"line":438,"column":null}},{"start":{},"end":{}}],"line":438},"29":{"loc":{"start":{"line":443,"column":8},"end":{"line":445,"column":null}},"type":"if","locations":[{"start":{"line":443,"column":8},"end":{"line":445,"column":null}},{"start":{},"end":{}}],"line":443},"30":{"loc":{"start":{"line":447,"column":8},"end":{"line":452,"column":null}},"type":"if","locations":[{"start":{"line":447,"column":8},"end":{"line":452,"column":null}},{"start":{},"end":{}}],"line":447},"31":{"loc":{"start":{"line":449,"column":10},"end":{"line":452,"column":null}},"type":"if","locations":[{"start":{"line":449,"column":10},"end":{"line":452,"column":null}},{"start":{},"end":{}}],"line":449},"32":{"loc":{"start":{"line":479,"column":6},"end":{"line":482,"column":null}},"type":"if","locations":[{"start":{"line":479,"column":6},"end":{"line":482,"column":null}},{"start":{},"end":{}}],"line":479},"33":{"loc":{"start":{"line":491,"column":8},"end":{"line":501,"column":null}},"type":"if","locations":[{"start":{"line":491,"column":8},"end":{"line":501,"column":null}},{"start":{},"end":{}}],"line":491},"34":{"loc":{"st
[...]
,"C:\\Users\\fel\\emma\\src\\lib\\utils.ts": {"path":"C:\\Users\\fel\\emma\\src\\lib\\utils.ts","statementMap":{"0":{"start":{"line":1,"column":14},"end":{"line":1,"column":null}},"1":{"start":{"line":4,"column":2},"end":{"line":4,"column":null}},"2":{"start":{"line":8,"column":2},"end":{"line":12,"column":null}},"3":{"start":{"line":16,"column":2},"end":{"line":16,"column":null}}},"fnMap":{"0":{"name":"uid","decl":{"start":{"line":3,"column":16},"end":{"line":3,"column":30}},"loc":{"start":{"line":3,"column":30},"end":{"line":4,"column":null}},"line":3},"1":{"name":"formatTime","decl":{"start":{"line":7,"column":16},"end":{"line":7,"column":27}},"loc":{"start":{"line":7,"column":47},"end":{"line":12,"column":null}},"line":7},"2":{"name":"cn","decl":{"start":{"line":15,"column":16},"end":{"line":15,"column":19}},"loc":{"start":{"line":15,"column":78},"end":{"line":16,"column":null}},"line":15}},"branchMap":{},"s":{"0":0,"1":0,"2":0,"3":0},"f":{"0":0,"1":0,"2":0},"b":{},"meta":{"lastBranch":0,"lastFunction":3,"lastStatement":4,"seen":{"s:1:14:1:Infinity":0,"f:3:16:3:30":0,"s:4:2:4:Infinity":1,"f:7:16:7:27":1,"s:8:2:12:Infinity":2,"f:15:16:15:19":2,"s:16:2:16:Infinity":3}}}
,"C:\\Users\\fel\\emma\\src\\lib\\constants\\landing.ts": {"path":"C:\\Users\\fel\\emma\\src\\lib\\constants\\landing.ts","statementMap":{"0":{"start":{"line":14,"column":36},"end":{"line":19,"column":null}},"1":{"start":{"line":21,"column":38},"end":{"line":32,"column":null}},"2":{"start":{"line":34,"column":44},"end":{"line":59,"column":null}},"3":{"start":{"line":61,"column":42},"end":{"line":92,"column":null}},"4":{"start":{"line":94,"column":33},"end":{"line":99,"column":null}},"5":{"start":{"line":101,"column":46},"end":{"line":111,"column":null}},"6":{"start":{"line":113,"column":31},"end":{"line":113,"column":null}},"7":{"start":{"line":115,"column":44},"end":{"line":168,"column":null}},"8":{"start":{"line":170,"column":27},"end":{"line":219,"column":null}},"9":{"start":{"line":221,"column":46},"end":{"line":237,"column":null}},"10":{"start":{"line":239,"column":85},"end":{"line":263,"column":null}},"11":{"start":{"line":265,"column":45},"end":{"line":281,"column":null}}},"fnMap":{},"branchMap":{},"s":{"0":0,"1":0,"2":0,"3":0,"4":0,"5":0,"6":0,"7":0,"8":0,"9":0,"10":0,"11":0},"f":{},"b":{},"meta":{"lastBranch":0,"lastFunction":0,"lastStatement":12,"seen":{"s:14:36:19:Infinity":0,"s:21:38:32:Infinity":1,"s:34:44:59:Infinity":2,"s:61:42:92:Infinity":3,"s:94:33:99:Infinity":4,"s:101:46:111:Infinity":5,"s:113:31:113:Infinity":6,"s:115:44:168:Infinity":7,"s:170:27:219:Infinity":8,"s:221:46:237:Infinity":9,"s:239:85:263:Infinity":10,"s:265:45:281:Infinity":11}}}
,"C:\\Users\\fel\\emma\\src\\lib\\hooks\\useCountUp.ts": {"path":"C:\\Users\\fel\\emma\\src\\lib\\hooks\\useCountUp.ts","statementMap":{"0":{"start":{"line":1,"column":0},"end":{"line":1,"column":null}},"1":{"start":{"line":6,"column":16},"end":{"line":6,"column":39}},"2":{"start":{"line":7,"column":8},"end":{"line":7,"column":34}},"3":{"start":{"line":8,"column":8},"end":{"line":8,"column":40}},"4":{"start":{"line":10,"column":2},"end":{"line":30,"column":null}},"5":{"start":{"line":11,"column":4},"end":{"line":11,"column":null}},"6":{"start":{"line":11,"column":18},"end":{"line":11,"column":null}},"7":{"start":{"line":13,"column":4},"end":{"line":13,"column":null}},"8":{"start":{"line":15,"column":10},"end":{"line":23,"column":null}},"9":{"start":{"line":16,"column":22},"end":{"line":16,"column":null}},"10":{"start":{"line":17,"column":23},"end":{"line":17,"column":54}},"11":{"start":{"line":19,"column":20},"end":{"line":19,"column":49}},"12":{"start":{"line":20,"column":6},"end":{"line":20,"column":null}},"13":{"start":{"line":22,"column":6},"end":{"line":23,"column":null}},"14":{"start":{"line":23,"column":8},"end":{"line":23,"column":null}},"15":{"start":{"line":27,"column":4},"end":{"line":27,"column":null}},"16":{"start":{"line":29,"column":4},"end":{"line":29,"column":null}},"17":{"start":{"line":29,"column":17},"end":{"line":29,"column":53}},"18":{"start":{"line":32,"column":2},"end":{"line":32,"column":null}}},"fnMap":{"0":{"name":"useCountUp","decl":{"start":{"line":5,"column":16},"end":{"line":5,"column":27}},"loc":{"start":{"line":5,"column":87},"end":{"line":32,"column":null}},"line":5},"1":{"name":"(anonymous_1)","decl":{"start":{"line":10,"column":2},"end":{"line":10,"column":18}},"loc":{"start":{"line":10,"column":18},"end":{"line":30,"column":6}},"line":10},"2":{"name":"(anonymous_2)","decl":{"start":{"line":15,"column":10},"end":{"line":15,"column":18}},"loc":{"start":{"line":15,"column":34},"end":{"line":23,"column":null}},"line":15},"3":{"name":"(anonymous_3)","decl":{"start":{"line":29,"column":4},"end":{"line":29,"column":17}},"loc":{"start":{"line":29,"column":17},"end":{"line":29,"column":53}},"line":29}},"branchMap":{"0":{"loc":{"start":{"line":11,"column":4},"end":{"line":11,"column":null}},"type":"if","locations":[{"start":{"line":11,"column":4},"end":{"line":11,"column":null}},{"start":{},"end":{}}],"line":11},"1":{"loc":{"start":{"line":22,"column":6},"end":{"line":23,"column":null}},"type":"if","locations":[{"start":{"line":22,"column":6},"end":{"line":23,"column":null}},{"start":{},"end":{}}],"line":22}},"s":{"0":0,"1":0,"2":0,"3":0,"4":0,"5":0,"6":0,"7":0,"8":0,"9":0,"10":0,"11":0,"12":0,"13":0,"14":0,"15":0,"16":0,"17":0,"18":0},"f":{"0":0,"1":0,"2":0,"3":0},"b":{"0":[0,0],"1":[0,0]},"meta":{"lastBranch":2,"lastFunction":4,"lastStatement":19,"seen":{"s:1:0:1:Infinity":0,"f:5:16:5:27":0,"s:6:16:6:39":1,"s:7:8:7:34":2,"s:8:8:8:40":3,"s:10:2:30:Infinity":4,"f:10:2:10:18":1,"b:11:4:11:Infinity:undefined:undefined:undefined:undefined":0,"s:11:4:11:Infinity":5,"s:11:18:11:Infinity":6,"s:13:4:13:Infinity":7,"s:15:10:23:Infinity":8,"f:15:10:15:18":2,"s:16:22:16:Infinity":9,"s:17:23:17:54":10,"s:19:20:19:49":11,"s:20:6:20:Infinity":12,"b:22:6:23:Infinity:undefined:undefined:undefined:undefined":1,"s:22:6:23:Infinity":13,"s:23:8:23:Infinity":14,"s:27:4:27:Infinity":15,"s:29:4:29:Infinity":16,"f:29:4:29:17":3,"s:29:17:29:53":17,"s:32:2:32:Infinity":18}}}
,"C:\\Users\\fel\\emma\\src\\lib\\hooks\\useInView.ts": {"path":"C:\\Users\\fel\\emma\\src\\lib\\hooks\\useInView.ts","statementMap":{"0":{"start":{"line":1,"column":0},"end":{"line":1,"column":null}},"1":{"start":{"line":13,"column":44},"end":{"line":13,"column":null}},"2":{"start":{"line":14,"column":17},"end":{"line":14,"column":45}},"3":{"start":{"line":15,"column":8},"end":{"line":15,"column":63}},"4":{"start":{"line":17,"column":8},"end":{"line":42,"column":null}},"5":{"start":{"line":19,"column":6},"end":{"line":21,"column":null}},"6":{"start":{"line":20,"column":8},"end":{"line":20,"column":null}},"7":{"start":{"line":21,"column":8},"end":{"line":21,"column":null}},"8":{"start":{"line":24,"column":6},"end":{"line":24,"column":null}},"9":{"start":{"line":24,"column":17},"end":{"line":24,"column":null}},"10":{"start":{"line":26,"column":6},"end":{"line":38,"column":null}},"11":{"start":{"line":28,"column":10},"end":{"line":34,"column":null}},"12":{"start":{"line":29,"column":12},"end":{"line":29,"column":null}},"13":{"start":{"line":30,"column":12},"end":{"line":31,"column":null}},"14":{"start":{"line":31,"column":14},"end":{"line":31,"column":null}},"15":{"start":{"line":33,"column":21},"end":{"line":34,"column":null}},"16":{"start":{"line":34,"column":12},"end":{"line":34,"column":null}},"17":{"start":{"line":40,"column":6},"end":{"line":40,"column":null}},"18":{"start":{"line":45,"column":2},"end":{"line":45,"column":null}}},"fnMap":{"0":{"name":"useInView","decl":{"start":{"line":10,"column":16},"end":{"line":10,"column":null}},"loc":{"start":{"line":12,"column":54},"end":{"line":45,"column":null}},"line":12},"1":{"name":"(anonymous_1)","decl":{"start":{"line":17,"column":14},"end":{"line":17,"column":null}},"loc":{"start":{"line":18,"column":24},"end":{"line":42,"column":5}},"line":18},"2":{"name":"(anonymous_2)","decl":{"start":{"line":26,"column":32},"end":{"line":26,"column":null}},"loc":{"start":{"line":27,"column":21},"end":{"line":37,"column":10}},"line":27}},"branchMap":{"0":{"loc":{"start":{"line":11,"column":2},"end":{"line":11,"column":32}},"type":"default-arg","locations":[{"start":{"line":11,"column":30},"end":{"line":11,"column":32}}],"line":11},"1":{"loc":{"start":{"line":13,"column":10},"end":{"line":13,"column":28}},"type":"default-arg","locations":[{"start":{"line":13,"column":22},"end":{"line":13,"column":28}}],"line":13},"2":{"loc":{"start":{"line":13,"column":28},"end":{"line":13,"column":44}},"type":"default-arg","locations":[{"start":{"line":13,"column":35},"end":{"line":13,"column":44}}],"line":13},"3":{"loc":{"start":{"line":19,"column":6},"end":{"line":21,"column":null}},"type":"if","locations":[{"start":{"line":19,"column":6},"end":{"line":21,"column":null}},{"start":{},"end":{}}],"line":19},"4":{"loc":{"start":{"line":24,"column":6},"end":{"line":24,"column":null}},"type":"if","locations":[{"start":{"line":24,"column":6},"end":{"line":24,"column":null}},{"start":{},"end":{}}],"line":24},"5":{"loc":{"start":{"line":28,"column":10},"end":{"line":34,"column":null}},"type":"if","locations":[{"start":{"line":28,"column":10},"end":{"line":34,"column":null}},{"start":{"line":33,"column":21},"end":{"line":34,"column":null}}],"line":28},"6":{"loc":{"start":{"line":30,"column":12},"end":{"line":31,"column":null}},"type":"if","locations":[{"start":{"line":30,"column":12},"end":{"line":31,"column":null}},{"start":{},"end":{}}],"line":30},"7":{"loc":{"start":{"line":30,"column":16},"end":{"line":30,"column":45}},"type":"binary-expr","locations":[{"start":{"line":30,"column":16},"end":{"line":30,"column":24}},{"start":{"line":30,"column":24},"end":{"line":30,"column":45}}],"line":30},"8":{"loc":{"start":{"line":33,"column":21},"end":{"line":34,"column":null}},"type":"if","locations":[{"start":{"line":33,"column":21},"end":{"line":34,"column":null}},{"start":{},"end":{}}],"line":33}},"s":{"0":0,"1":0,"2":0,"3":0,"4":0,"5":0,"6":0,"7":0,"8":0,"9":0,"10":0,"11":0,"12":0,"13":0,"14":0,"15":0,"16":0,"17":0,"18":0},"f":{"0":0,"1":0,"2":0},"b":{"0":[0],"1":[0],"2":[0],"3":[0,0],"4":[0,0],"5":[0,0],"6":[0,0],"7":[0,0],"8":[0,0]},"meta":{"lastBranch":9,"lastFunction":3,"lastStatement":19,"seen":{"s:1:0:1:Infinity":0,"f:10:16:10:Infinity":0,"b:11:30:11:32":0,"s:13:44:13:Infinity":1,"b:13:22:13:28":1,"b:13:35:13:44":2,"s:14:17:14:45":2,"s:15:8:15:63":3,"s:17:8:42:Infinity":4,"f:17:14:17:Infinity":1,"b:19:6:21:Infinity:undefined:undefined:undefined:undefined":3,"s:19:6:21:Infinity":5,"s:20:8:20:Infinity":6,"s:21:8:21:Infinity":7,"b:24:6:24:Infinity:undefined:undefined:undefined:undefined":4,"s:24:6:24:Infinity":8,"s:24:17:24:Infinity":9,"s:26:6:38:Infinity":10,"f:26:32:26:Infinity":2,"b:28:10:34:Infinity:33:21:34:Infinity":5,"s:28:10:34:Infinity":11,"s:29:12:29:Infinity":12,"b:30:12:31:Infinity:undefined:undefined:undefined:undefined":6,"s:30:12:31:Infinity":13,"b:30:16:30:24:30:24:30:45":7,"s:31:14:31:Infinity":14,"b:33:21:34:Infinity:undefined:undefined:undefined:undefined":8,"s:33:21:34:Infinity":15,"s:34:12:34:Infinity":16,"s:40:6:40:Infinity":17,"s:45:2:45:Infinity":18}}}
,"C:\\Users\\fel\\emma\\src\\lib\\landing\\constants.ts": {"path":"C:\\Users\\fel\\emma\\src\\lib\\landing\\constants.ts","statementMap":{"0":{"start":{"line":12,"column":42},"end":{"line":23,"column":null}},"1":{"start":{"line":25,"column":44},"end":{"line":50,"column":null}},"2":{"start":{"line":52,"column":46},"end":{"line":81,"column":null}},"3":{"start":{"line":83,"column":46},"end":{"line":124,"column":null}},"4":{"start":{"line":126,"column":33},"end":{"line":131,"column":null}},"5":{"start":{"line":133,"column":44},"end":{"line":200,"column":null}},"6":{"start":{"line":202,"column":27},"end":{"line":243,"column":null}},"7":{"start":{"line":245,"column":25},"end":{"line":250,"column":null}},"8":{"start":{"line":252,"column":46},"end":{"line":265,"column":null}}},"fnMap":{},"branchMap":{},"s":{"0":0,"1":0,"2":0,"3":0,"4":0,"5":0,"6":0,"7":0,"8":0},"f":{},"b":{},"meta":{"lastBranch":0,"lastFunction":0,"lastStatement":9,"seen":{"s:12:42:23:Infinity":0,"s:25:44:50:Infinity":1,"s:52:46:81:Infinity":2,"s:83:46:124:Infinity":3,"s:126:33:131:Infinity":4,"s:133:44:200:Infinity":5,"s:202:27:243:Infinity":6,"s:245:25:250:Infinity":7,"s:252:46:265:Infinity":8}}}
,"C:\\Users\\fel\\emma\\src\\lib\\landing\\types.ts": {"path":"C:\\Users\\fel\\emma\\src\\lib\\landing\\types.ts","statementMap":{},"fnMap":{},"branchMap":{},"s":{},"f":{},"b":{},"meta":{"lastBranch":0,"lastFunction":0,"lastStatement":0,"seen":{}}}
,"C:\\Users\\fel\\emma\\src\\lib\\supabase\\client.ts": {"path":"C:\\Users\\fel\\emma\\src\\lib\\supabase\\client.ts","statementMap":{"0":{"start":{"line":4,"column":14},"end":{"line":4,"column":null}},"1":{"start":{"line":5,"column":14},"end":{"line":5,"column":null}},"2":{"start":{"line":7,"column":2},"end":{"line":10,"column":null}},"3":{"start":{"line":9,"column":4},"end":{"line":9,"column":null}},"4":{"start":{"line":10,"column":4},"end":{"line":10,"column":null}},"5":{"start":{"line":13,"column":2},"end":{"line":13,"column":null}}},"fnMap":{"0":{"name":"createClient","decl":{"start":{"line":3,"column":16},"end":{"line":3,"column":31}},"loc":{"start":{"line":3,"column":31},"end":{"line":13,"column":null}},"line":3}},"branchMap":{"0":{"loc":{"start":{"line":7,"column":2},"end":{"line":10,"column":null}},"type":"if","locations":[{"start":{"line":7,"column":2},"end":{"line":10,"column":null}},{"start":{},"end":{}}],"line":7},"1":{"loc":{"start":{"line":7,"column":6},"end":{"line":7,"column":20}},"type":"binary-expr","locations":[{"start":{"line":7,"column":6},"end":{"line":7,"column":14}},{"start":{"line":7,"column":14},"end":{"line":7,"column":20}}],"line":7}},"s":{"0":0,"1":0,"2":0,"3":0,"4":0,"5":0},"f":{"0":0},"b":{"0":[0,0],"1":[0,0]},"meta":{"lastBranch":2,"lastFunction":1,"lastStatement":6,"seen":{"f:3:16:3:31":0,"s:4:14:4:Infinity":0,"s:5:14:5:Infinity":1,"b:7:2:10:Infinity:undefined:undefined:undefined:undefined":0,"s:7:2:10:Infinity":2,"b:7:6:7:14:7:14:7:20":1,"s:9:4:9:Infinity":3,"s:10:4:10:Infinity":4,"s:13:2:13:Infinity":5}}}
,"C:\\Users\\fel\\emma\\src\\lib\\supabase\\server.ts": {"path":"C:\\Users\\fel\\emma\\src\\lib\\supabase\\server.ts","statementMap":{"0":{"start":{"line":5,"column":14},"end":{"line":5,"column":null}},"1":{"start":{"line":6,"column":14},"end":{"line":6,"column":null}},"2":{"start":{"line":8,"column":2},"end":{"line":8,"column":null}},"3":{"start":{"line":8,"column":20},"end":{"line":8,"column":null}},"4":{"start":{"line":10,"column":22},"end":{"line":10,"column":37}},"5":{"start":{"line":12,"column":2},"end":{"line":23,"column":null}},"6":{"start":{"line":15,"column":8},"end":{"line":15,"column":null}},"7":{"start":{"line":18,"column":8},"end":{"line":20,"column":null}},"8":{"start":{"line":19,"column":10},"end":{"line":19,"column":null}},"9":{"start":{"line":19,"column":61},"end":{"line":19,"column":98}},"10":{"start":{"line":27,"column":19},"end":{"line":27,"column":47}},"11":{"start":{"line":28,"column":2},"end":{"line":28,"column":null}},"12":{"start":{"line":28,"column":17},"end":{"line":28,"column":null}},"13":{"start":{"line":31,"column":6},"end":{"line":31,"column":35}},"14":{"start":{"line":32,"column":2},"end":{"line":32,"column":null}},"15":{"start":{"line":36,"column":15},"end":{"line":36,"column":30}},"16":{"start":{"line":37,"column":2},"end":{"line":37,"column":null}},"17":{"start":{"line":37,"column":13},"end":{"line":37,"column":null}},"18":{"start":{"line":38,"column":2},"end":{"line":38,"column":null}}},"fnMap":{"0":{"name":"createServerSupabase","decl":{"start":{"line":4,"column":22},"end":{"line":4,"column":45}},"loc":{"start":{"line":4,"column":45},"end":{"line":23,"column":null}},"line":4},"1":{"name":"(anonymous_1)","decl":{"start":{"line":14,"column":6},"end":{"line":14,"column":15}},"loc":{"start":{"line":14,"column":15},"end":{"line":15,"column":null}},"line":14},"2":{"name":"(anonymous_2)","decl":{"start":{"line":17,"column":6},"end":{"line":17,"column":13}},"loc":{"start":{"line":17,"column":27},"end":{"line":20,"column":null}},"line":17},"3":{"name":"(anonymous_3)","decl":{"start":{"line":19,"column":23},"end":{"line":19,"column":32}},"loc":{"start":{"line":19,"column":61},"end":{"line":19,"column":98}},"line":19},"4":{"name":"getUser","decl":{"start":{"line":26,"column":22},"end":{"line":26,"column":32}},"loc":{"start":{"line":26,"column":32},"end":{"line":32,"column":null}},"line":26},"5":{"name":"requireUser","decl":{"start":{"line":35,"column":22},"end":{"line":35,"column":36}},"loc":{"start":{"line":35,"column":36},"end":{"line":38,"column":null}},"line":35}},"branchMap":{"0":{"loc":{"start":{"line":8,"column":2},"end":{"line":8,"column":null}},"type":"if","locations":[{"start":{"line":8,"column":2},"end":{"line":8,"column":null}},{"start":{},"end":{}}],"line":8},"1":{"loc":{"start":{"line":8,"column":6},"end":{"line":8,"column":20}},"type":"binary-expr","locations":[{"start":{"line":8,"column":6},"end":{"line":8,"column":14}},{"start":{"line":8,"column":14},"end":{"line":8,"column":20}}],"line":8},"2":{"loc":{"start":{"line":28,"column":2},"end":{"line":28,"column":null}},"type":"if","locations":[{"start":{"line":28,"column":2},"end":{"line":28,"column":null}},{"start":{},"end":{}}],"line":28},"3":{"loc":{"start":{"line":37,"column":2},"end":{"line":37,"column":null}},"type":"if","locations":[{"start":{"line":37,"column":2},"end":{"line":37,"column":null}},{"start":{},"end":{}}],"line":37}},"s":{"0":0,"1":0,"2":0,"3":0,"4":0,"5":0,"6":0,"7":0,"8":0,"9":0,"10":0,"11":0,"12":0,"13":0,"14":0,"15":0,"16":0,"17":0,"18":0},"f":{"0":0,"1":0,"2":0,"3":0,"4":0,"5":0},"b":{"0":[0,0],"1":[0,0],"2":[0,0],"3":[0,0]},"meta":{"lastBranch":4,"lastFunction":6,"lastStatement":19,"seen":{"f:4:22:4:45":0,"s:5:14:5:Infinity":0,"s:6:14:6:Infinity":1,"b:8:2:8:Infinity:undefined:undefined:undefined:undefined":0,"s:8:2:8:Infinity":2,"b:8:6:8:14:8:14:8:20":1,"s:8:20:8:Infinity":3,"s:10:22:10:37":4,"s:12:2:23:Infinity":5,"f:14:6:14:15":1,"s:15:8:15:Infinity":6,"f:17:6:17:13":2,"s:18:8:20:Infinity":7,"s:19:10:19:Infinity":8,"f:19:23:19:32":3,"s:19:61:19:98":9,"f:26:22:26:32":4,"s:27:19:27:47":10,"b:28:2:28:Infinity:undefined:undefined:undefined:undefined":2,"s:28:2:28:Infinity":11,"s:28:17:28:Infinity":12,"s:31:6:31:35":13,"s:32:2:32:Infinity":14,"f:35:22:35:36":5,"s:36:15:36:30":15,"b:37:2:37:Infinity:undefined:undefined:undefined:undefined":3,"s:37:2:37:Infinity":16,"s:37:13:37:Infinity":17,"s:38:2:38:Infinity":18}}}
,"C:\\Users\\fel\\emma\\src\\lib\\types\\landing.ts": {"path":"C:\\Users\\fel\\emma\\src\\lib\\types\\landing.ts","statementMap":{},"fnMap":{},"branchMap":{},"s":{},"f":{},"b":{},"meta":{"lastBranch":0,"lastFunction":0,"lastStatement":0,"seen":{}}}
}
